2014/12/13 01:11:14 [error] [exception.CException] exception 'CException' with message 'NewController cannot find the requested view "index".' in D:\EDU\PHP\WAMP\apache2\htdocs\framework\web\CController.php:878
Stack trace:
#0 D:\EDU\PHP\WAMP\apache2\htdocs\framework\web\CController.php(782): CController->renderPartial('index', NULL, true)
#1 D:\EDU\PHP\WAMP\apache2\htdocs\PROJECTS\star\protected\controllers\NewController.php(7): CController->render('index')
#2 D:\EDU\PHP\WAMP\apache2\htdocs\framework\web\actions\CInlineAction.php(49): NewController->actionIndex()
#3 D:\EDU\PHP\WAMP\apache2\htdocs\framework\web\CController.php(308): CInlineAction->runWithParams(Array)
#4 D:\EDU\PHP\WAMP\apache2\htdocs\framework\web\CController.php(286): CController->runAction(Object(CInlineAction))
#5 D:\EDU\PHP\WAMP\apache2\htdocs\framework\web\CController.php(265): CController->runActionWithFilters(Object(CInlineAction), Array)
#6 D:\EDU\PHP\WAMP\apache2\htdocs\framework\web\CWebApplication.php(282): CController->run('')
#7 D:\EDU\PHP\WAMP\apache2\htdocs\framework\web\CWebApplication.php(141): CWebApplication->runController('')
#8 D:\EDU\PHP\WAMP\apache2\htdocs\framework\base\CApplication.php(180): CWebApplication->processRequest()
#9 D:\EDU\PHP\WAMP\apache2\htdocs\PROJECTS\star\index.php(13): CApplication->run()
#10 {main}
REQUEST_URI=/PROJECTS/star/
HTTP_REFERER=http://127.0.0.1/PROJECTS/
---
2014/12/13 01:49:21 [error] [php] Use of undefined constant test - assumed 'test' (D:\EDU\PHP\WAMP\apache2\htdocs\PROJECTS\star\protected\models\NewModel.php:7)
Stack trace:
#0 D:\EDU\PHP\WAMP\apache2\htdocs\framework\web\CController.php(308): CInlineAction->runWithParams()
#1 D:\EDU\PHP\WAMP\apache2\htdocs\framework\web\CController.php(286): NewController->runAction()
#2 D:\EDU\PHP\WAMP\apache2\htdocs\framework\web\CController.php(265): NewController->runActionWithFilters()
#3 D:\EDU\PHP\WAMP\apache2\htdocs\framework\web\CWebApplication.php(282): NewController->run()
#4 D:\EDU\PHP\WAMP\apache2\htdocs\framework\web\CWebApplication.php(141): CWebApplication->runController()
#5 D:\EDU\PHP\WAMP\apache2\htdocs\framework\base\CApplication.php(180): CWebApplication->processRequest()
#6 D:\EDU\PHP\WAMP\apache2\htdocs\PROJECTS\star\index.php(13): CWebApplication->run()
REQUEST_URI=/PROJECTS/star/index.php?name=sdbfjsdbfjbsdjf
in D:\EDU\PHP\WAMP\apache2\htdocs\PROJECTS\star\protected\models\NewModel.php (7)
in D:\EDU\PHP\WAMP\apache2\htdocs\PROJECTS\star\protected\controllers\NewController.php (7)
in D:\EDU\PHP\WAMP\apache2\htdocs\PROJECTS\star\index.php (13)
2014/12/13 02:00:58 [error] [php] include(NewModel.php): failed to open stream: No such file or directory (D:\EDU\PHP\WAMP\apache2\htdocs\framework\YiiBase.php:427)
Stack trace:
#0 D:\EDU\PHP\WAMP\apache2\htdocs\PROJECTS\star\protected\controllers\NewController.php(7): spl_autoload_call()
#1 D:\EDU\PHP\WAMP\apache2\htdocs\framework\web\actions\CInlineAction.php(49): NewController->actionIndex()
#2 D:\EDU\PHP\WAMP\apache2\htdocs\framework\web\CController.php(308): CInlineAction->runWithParams()
#3 D:\EDU\PHP\WAMP\apache2\htdocs\framework\web\CController.php(286): NewController->runAction()
#4 D:\EDU\PHP\WAMP\apache2\htdocs\framework\web\CController.php(265): NewController->runActionWithFilters()
#5 D:\EDU\PHP\WAMP\apache2\htdocs\framework\web\CWebApplication.php(282): NewController->run()
#6 D:\EDU\PHP\WAMP\apache2\htdocs\framework\web\CWebApplication.php(141): CWebApplication->runController()
#7 D:\EDU\PHP\WAMP\apache2\htdocs\framework\base\CApplication.php(180): CWebApplication->processRequest()
#8 D:\EDU\PHP\WAMP\apache2\htdocs\PROJECTS\star\index.php(13): CWebApplication->run()
REQUEST_URI=/PROJECTS/star/index.php?name=dbdfbdfz
in D:\EDU\PHP\WAMP\apache2\htdocs\PROJECTS\star\protected\controllers\NewController.php (7)
in D:\EDU\PHP\WAMP\apache2\htdocs\PROJECTS\star\index.php (13)
2014/12/13 02:10:38 [error] [exception.CDbException] exception 'CDbException' with message 'CDbConnection failed to open the DB connection: SQLSTATE[HY000] [1045] Access denied for user 'root'@'localhost' (using password: YES)' in D:\EDU\PHP\WAMP\apache2\htdocs\framework\db\CDbConnection.php:382
Stack trace:
#0 D:\EDU\PHP\WAMP\apache2\htdocs\framework\db\CDbConnection.php(330): CDbConnection->open()
#1 D:\EDU\PHP\WAMP\apache2\htdocs\framework\db\CDbConnection.php(308): CDbConnection->setActive(true)
#2 D:\EDU\PHP\WAMP\apache2\htdocs\framework\base\CModule.php(387): CDbConnection->init()
#3 D:\EDU\PHP\WAMP\apache2\htdocs\framework\base\CApplication.php(450): CModule->getComponent('db')
#4 D:\EDU\PHP\WAMP\apache2\htdocs\framework\db\ar\CActiveRecord.php(634): CApplication->getDb()
#5 D:\EDU\PHP\WAMP\apache2\htdocs\framework\db\ar\CActiveRecord.php(1428): CActiveRecord->getDbConnection()
#6 D:\EDU\PHP\WAMP\apache2\htdocs\framework\db\ar\CActiveRecord.php(1484): CActiveRecord->getTableAlias(true)
#7 D:\EDU\PHP\WAMP\apache2\htdocs\PROJECTS\star\protected\controllers\NewController.php(7): CActiveRecord->findByPk(2)
#8 D:\EDU\PHP\WAMP\apache2\htdocs\framework\web\actions\CInlineAction.php(49): NewController->actionIndex()
#9 D:\EDU\PHP\WAMP\apache2\htdocs\framework\web\CController.php(308): CInlineAction->runWithParams(Array)
#10 D:\EDU\PHP\WAMP\apache2\htdocs\framework\web\CController.php(286): CController->runAction(Object(CInlineAction))
#11 D:\EDU\PHP\WAMP\apache2\htdocs\framework\web\CController.php(265): CController->runActionWithFilters(Object(CInlineAction), Array)
#12 D:\EDU\PHP\WAMP\apache2\htdocs\framework\web\CWebApplication.php(282): CController->run('')
#13 D:\EDU\PHP\WAMP\apache2\htdocs\framework\web\CWebApplication.php(141): CWebApplication->runController('')
#14 D:\EDU\PHP\WAMP\apache2\htdocs\framework\base\CApplication.php(180): CWebApplication->processRequest()
#15 D:\EDU\PHP\WAMP\apache2\htdocs\PROJECTS\star\index.php(13): CApplication->run()
#16 {main}
REQUEST_URI=/PROJECTS/star/index.php?name=dbdfbdfz
---
2014/12/13 04:59:09 [error] [php] Undefined index: v (D:\EDU\PHP\WAMP\apache2\htdocs\PROJECTS\star\protected\models\sunny.php:35)
Stack trace:
#0 D:\EDU\PHP\WAMP\apache2\htdocs\framework\web\CController.php(308): CInlineAction->runWithParams()
#1 D:\EDU\PHP\WAMP\apache2\htdocs\framework\web\CController.php(286): NewController->runAction()
#2 D:\EDU\PHP\WAMP\apache2\htdocs\framework\web\CController.php(265): NewController->runActionWithFilters()
#3 D:\EDU\PHP\WAMP\apache2\htdocs\framework\web\CWebApplication.php(282): NewController->run()
#4 D:\EDU\PHP\WAMP\apache2\htdocs\framework\web\CWebApplication.php(141): CWebApplication->runController()
#5 D:\EDU\PHP\WAMP\apache2\htdocs\framework\base\CApplication.php(180): CWebApplication->processRequest()
#6 D:\EDU\PHP\WAMP\apache2\htdocs\PROJECTS\star\index.php(13): CWebApplication->run()
REQUEST_URI=/PROJECTS/star/?name=%D1%8B%D0%B2%D1%8B%D0%B2%D1%81%D0%B0
in D:\EDU\PHP\WAMP\apache2\htdocs\PROJECTS\star\protected\models\sunny.php (35)
in D:\EDU\PHP\WAMP\apache2\htdocs\PROJECTS\star\protected\controllers\NewController.php (9)
in D:\EDU\PHP\WAMP\apache2\htdocs\PROJECTS\star\index.php (13)
2014/12/13 05:21:57 [error] [php] Undefined index: v (D:\EDU\PHP\WAMP\apache2\htdocs\PROJECTS\star\protected\models\sunny.php:35)
Stack trace:
#0 D:\EDU\PHP\WAMP\apache2\htdocs\framework\web\CController.php(308): CInlineAction->runWithParams()
#1 D:\EDU\PHP\WAMP\apache2\htdocs\framework\web\CController.php(286): NewController->runAction()
#2 D:\EDU\PHP\WAMP\apache2\htdocs\framework\web\CController.php(265): NewController->runActionWithFilters()
#3 D:\EDU\PHP\WAMP\apache2\htdocs\framework\web\CWebApplication.php(282): NewController->run()
#4 D:\EDU\PHP\WAMP\apache2\htdocs\framework\web\CWebApplication.php(141): CWebApplication->runController()
#5 D:\EDU\PHP\WAMP\apache2\htdocs\framework\base\CApplication.php(180): CWebApplication->processRequest()
#6 D:\EDU\PHP\WAMP\apache2\htdocs\PROJECTS\star\index.php(13): CWebApplication->run()
REQUEST_URI=/PROJECTS/star/index.php?name=dbdfbdfz
in D:\EDU\PHP\WAMP\apache2\htdocs\PROJECTS\star\protected\models\sunny.php (35)
in D:\EDU\PHP\WAMP\apache2\htdocs\PROJECTS\star\protected\controllers\NewController.php (9)
in D:\EDU\PHP\WAMP\apache2\htdocs\PROJECTS\star\index.php (13)
2014/12/13 05:22:10 [error] [php] Undefined index: v (D:\EDU\PHP\WAMP\apache2\htdocs\PROJECTS\star\protected\models\sunny.php:35)
Stack trace:
#0 D:\EDU\PHP\WAMP\apache2\htdocs\framework\web\CController.php(308): CInlineAction->runWithParams()
#1 D:\EDU\PHP\WAMP\apache2\htdocs\framework\web\CController.php(286): NewController->runAction()
#2 D:\EDU\PHP\WAMP\apache2\htdocs\framework\web\CController.php(265): NewController->runActionWithFilters()
#3 D:\EDU\PHP\WAMP\apache2\htdocs\framework\web\CWebApplication.php(282): NewController->run()
#4 D:\EDU\PHP\WAMP\apache2\htdocs\framework\web\CWebApplication.php(141): CWebApplication->runController()
#5 D:\EDU\PHP\WAMP\apache2\htdocs\framework\base\CApplication.php(180): CWebApplication->processRequest()
#6 D:\EDU\PHP\WAMP\apache2\htdocs\PROJECTS\star\index.php(13): CWebApplication->run()
REQUEST_URI=/PROJECTS/star/index.php?name=dbdfbdfz
in D:\EDU\PHP\WAMP\apache2\htdocs\PROJECTS\star\protected\models\sunny.php (35)
in D:\EDU\PHP\WAMP\apache2\htdocs\PROJECTS\star\protected\controllers\NewController.php (9)
in D:\EDU\PHP\WAMP\apache2\htdocs\PROJECTS\star\index.php (13)
2014/12/13 05:22:49 [error] [php] Non-static method sunny::get_info() should not be called statically, assuming $this from incompatible context (D:\EDU\PHP\WAMP\apache2\htdocs\PROJECTS\star\protected\controllers\NewController.php:10)
Stack trace:
#0 D:\EDU\PHP\WAMP\apache2\htdocs\framework\web\CController.php(286): NewController->runAction()
#1 D:\EDU\PHP\WAMP\apache2\htdocs\framework\web\CController.php(265): NewController->runActionWithFilters()
#2 D:\EDU\PHP\WAMP\apache2\htdocs\framework\web\CWebApplication.php(282): NewController->run()
#3 D:\EDU\PHP\WAMP\apache2\htdocs\framework\web\CWebApplication.php(141): CWebApplication->runController()
#4 D:\EDU\PHP\WAMP\apache2\htdocs\framework\base\CApplication.php(180): CWebApplication->processRequest()
#5 D:\EDU\PHP\WAMP\apache2\htdocs\PROJECTS\star\index.php(13): CWebApplication->run()
REQUEST_URI=/PROJECTS/star/index.php?name=dbdfbdfz
in D:\EDU\PHP\WAMP\apache2\htdocs\PROJECTS\star\protected\controllers\NewController.php (10)
in D:\EDU\PHP\WAMP\apache2\htdocs\PROJECTS\star\index.php (13)
2014/12/13 05:25:31 [error] [php] Creating default object from empty value (D:\EDU\PHP\WAMP\apache2\htdocs\PROJECTS\star\protected\models\sunny.php:41)
Stack trace:
#0 D:\EDU\PHP\WAMP\apache2\htdocs\framework\web\CController.php(308): CInlineAction->runWithParams()
#1 D:\EDU\PHP\WAMP\apache2\htdocs\framework\web\CController.php(286): NewController->runAction()
#2 D:\EDU\PHP\WAMP\apache2\htdocs\framework\web\CController.php(265): NewController->runActionWithFilters()
#3 D:\EDU\PHP\WAMP\apache2\htdocs\framework\web\CWebApplication.php(282): NewController->run()
#4 D:\EDU\PHP\WAMP\apache2\htdocs\framework\web\CWebApplication.php(141): CWebApplication->runController()
#5 D:\EDU\PHP\WAMP\apache2\htdocs\framework\base\CApplication.php(180): CWebApplication->processRequest()
#6 D:\EDU\PHP\WAMP\apache2\htdocs\PROJECTS\star\index.php(13): CWebApplication->run()
REQUEST_URI=/PROJECTS/star/index.php
in D:\EDU\PHP\WAMP\apache2\htdocs\PROJECTS\star\protected\models\sunny.php (41)
in D:\EDU\PHP\WAMP\apache2\htdocs\PROJECTS\star\protected\controllers\NewController.php (12)
in D:\EDU\PHP\WAMP\apache2\htdocs\PROJECTS\star\index.php (13)
2014/12/13 05:29:24 [error] [php] include(sunny2.php): failed to open stream: No such file or directory (D:\EDU\PHP\WAMP\apache2\htdocs\framework\YiiBase.php:427)
Stack trace:
#0 D:\EDU\PHP\WAMP\apache2\htdocs\PROJECTS\star\protected\models\sunny.php(40): spl_autoload_call()
#1 D:\EDU\PHP\WAMP\apache2\htdocs\PROJECTS\star\protected\controllers\NewController.php(12): update_db()
#2 D:\EDU\PHP\WAMP\apache2\htdocs\framework\web\actions\CInlineAction.php(49): NewController->actionIndex()
#3 D:\EDU\PHP\WAMP\apache2\htdocs\framework\web\CController.php(308): CInlineAction->runWithParams()
#4 D:\EDU\PHP\WAMP\apache2\htdocs\framework\web\CController.php(286): NewController->runAction()
#5 D:\EDU\PHP\WAMP\apache2\htdocs\framework\web\CController.php(265): NewController->runActionWithFilters()
#6 D:\EDU\PHP\WAMP\apache2\htdocs\framework\web\CWebApplication.php(282): NewController->run()
#7 D:\EDU\PHP\WAMP\apache2\htdocs\framework\web\CWebApplication.php(141): CWebApplication->runController()
#8 D:\EDU\PHP\WAMP\apache2\htdocs\framework\base\CApplication.php(180): CWebApplication->processRequest()
#9 D:\EDU\PHP\WAMP\apache2\htdocs\PROJECTS\star\index.php(13): CWebApplication->run()
REQUEST_URI=/PROJECTS/star/index.php
in D:\EDU\PHP\WAMP\apache2\htdocs\PROJECTS\star\protected\models\sunny.php (40)
in D:\EDU\PHP\WAMP\apache2\htdocs\PROJECTS\star\protected\controllers\NewController.php (12)
in D:\EDU\PHP\WAMP\apache2\htdocs\PROJECTS\star\index.php (13)
2014/12/13 06:43:45 [error] [php] Non-static method sunny::get_all_data() should not be called statically, assuming $this from incompatible context (D:\EDU\PHP\WAMP\apache2\htdocs\PROJECTS\star\protected\controllers\NewController.php:13)
Stack trace:
#0 D:\EDU\PHP\WAMP\apache2\htdocs\framework\web\CController.php(286): NewController->runAction()
#1 D:\EDU\PHP\WAMP\apache2\htdocs\framework\web\CController.php(265): NewController->runActionWithFilters()
#2 D:\EDU\PHP\WAMP\apache2\htdocs\framework\web\CWebApplication.php(282): NewController->run()
#3 D:\EDU\PHP\WAMP\apache2\htdocs\framework\web\CWebApplication.php(141): CWebApplication->runController()
#4 D:\EDU\PHP\WAMP\apache2\htdocs\framework\base\CApplication.php(180): CWebApplication->processRequest()
#5 D:\EDU\PHP\WAMP\apache2\htdocs\PROJECTS\star\index.php(13): CWebApplication->run()
REQUEST_URI=/PROJECTS/star/index.php
in D:\EDU\PHP\WAMP\apache2\htdocs\PROJECTS\star\protected\controllers\NewController.php (13)
in D:\EDU\PHP\WAMP\apache2\htdocs\PROJECTS\star\index.php (13)
2014/12/13 06:45:30 [error] [exception.CException] exception 'CException' with message 'sunny and its behaviors do not have a method or closure named "all".' in D:\EDU\PHP\WAMP\apache2\htdocs\framework\base\CComponent.php:266
Stack trace:
#0 D:\EDU\PHP\WAMP\apache2\htdocs\framework\db\ar\CActiveRecord.php(227): CComponent->__call('all', Array)
#1 D:\EDU\PHP\WAMP\apache2\htdocs\PROJECTS\star\protected\models\sunny.php(49): CActiveRecord->__call('all', Array)
#2 D:\EDU\PHP\WAMP\apache2\htdocs\PROJECTS\star\protected\models\sunny.php(49): sunny->all()
#3 D:\EDU\PHP\WAMP\apache2\htdocs\PROJECTS\star\protected\controllers\NewController.php(13): sunny::get_all_data()
#4 D:\EDU\PHP\WAMP\apache2\htdocs\framework\web\actions\CInlineAction.php(49): NewController->actionIndex()
#5 D:\EDU\PHP\WAMP\apache2\htdocs\framework\web\CController.php(308): CInlineAction->runWithParams(Array)
#6 D:\EDU\PHP\WAMP\apache2\htdocs\framework\web\CController.php(286): CController->runAction(Object(CInlineAction))
#7 D:\EDU\PHP\WAMP\apache2\htdocs\framework\web\CController.php(265): CController->runActionWithFilters(Object(CInlineAction), Array)
#8 D:\EDU\PHP\WAMP\apache2\htdocs\framework\web\CWebApplication.php(282): CController->run('')
#9 D:\EDU\PHP\WAMP\apache2\htdocs\framework\web\CWebApplication.php(141): CWebApplication->runController('')
#10 D:\EDU\PHP\WAMP\apache2\htdocs\framework\base\CApplication.php(180): CWebApplication->processRequest()
#11 D:\EDU\PHP\WAMP\apache2\htdocs\PROJECTS\star\index.php(13): CApplication->run()
#12 {main}
REQUEST_URI=/PROJECTS/star/index.php
HTTP_REFERER=http://127.0.0.1/PROJECTS/star/index.php
---
2014/12/13 06:48:24 [error] [exception.CException] exception 'CException' with message 'sunny and its behaviors do not have a method or closure named "all".' in D:\EDU\PHP\WAMP\apache2\htdocs\framework\base\CComponent.php:266
Stack trace:
#0 D:\EDU\PHP\WAMP\apache2\htdocs\framework\db\ar\CActiveRecord.php(227): CComponent->__call('all', Array)
#1 D:\EDU\PHP\WAMP\apache2\htdocs\PROJECTS\star\protected\models\sunny.php(49): CActiveRecord->__call('all', Array)
#2 D:\EDU\PHP\WAMP\apache2\htdocs\PROJECTS\star\protected\models\sunny.php(49): sunny->all()
#3 D:\EDU\PHP\WAMP\apache2\htdocs\PROJECTS\star\protected\controllers\NewController.php(13): sunny::get_all_data()
#4 D:\EDU\PHP\WAMP\apache2\htdocs\framework\web\actions\CInlineAction.php(49): NewController->actionIndex()
#5 D:\EDU\PHP\WAMP\apache2\htdocs\framework\web\CController.php(308): CInlineAction->runWithParams(Array)
#6 D:\EDU\PHP\WAMP\apache2\htdocs\framework\web\CController.php(286): CController->runAction(Object(CInlineAction))
#7 D:\EDU\PHP\WAMP\apache2\htdocs\framework\web\CController.php(265): CController->runActionWithFilters(Object(CInlineAction), Array)
#8 D:\EDU\PHP\WAMP\apache2\htdocs\framework\web\CWebApplication.php(282): CController->run('')
#9 D:\EDU\PHP\WAMP\apache2\htdocs\framework\web\CWebApplication.php(141): CWebApplication->runController('')
#10 D:\EDU\PHP\WAMP\apache2\htdocs\framework\base\CApplication.php(180): CWebApplication->processRequest()
#11 D:\EDU\PHP\WAMP\apache2\htdocs\PROJECTS\star\index.php(13): CApplication->run()
#12 {main}
REQUEST_URI=/PROJECTS/star/index.php
HTTP_REFERER=http://127.0.0.1/PROJECTS/star/index.php
---
2014/12/14 00:43:23 [error] [php] Trying to get property of non-object (D:\EDU\PHP\WAMP\apache2\htdocs\PROJECTS\star\protected\controllers\NewController.php:14)
Stack trace:
#0 D:\EDU\PHP\WAMP\apache2\htdocs\framework\web\CController.php(286): NewController->runAction()
#1 D:\EDU\PHP\WAMP\apache2\htdocs\framework\web\CController.php(265): NewController->runActionWithFilters()
#2 D:\EDU\PHP\WAMP\apache2\htdocs\framework\web\CWebApplication.php(282): NewController->run()
#3 D:\EDU\PHP\WAMP\apache2\htdocs\framework\web\CWebApplication.php(141): CWebApplication->runController()
#4 D:\EDU\PHP\WAMP\apache2\htdocs\framework\base\CApplication.php(180): CWebApplication->processRequest()
#5 D:\EDU\PHP\WAMP\apache2\htdocs\PROJECTS\star\index.php(13): CWebApplication->run()
REQUEST_URI=/PROJECTS/star/index.php
in D:\EDU\PHP\WAMP\apache2\htdocs\PROJECTS\star\protected\controllers\NewController.php (14)
in D:\EDU\PHP\WAMP\apache2\htdocs\PROJECTS\star\index.php (13)
2014/12/14 00:43:32 [error] [php] Trying to get property of non-object (D:\EDU\PHP\WAMP\apache2\htdocs\PROJECTS\star\protected\controllers\NewController.php:14)
Stack trace:
#0 D:\EDU\PHP\WAMP\apache2\htdocs\framework\web\CController.php(286): NewController->runAction()
#1 D:\EDU\PHP\WAMP\apache2\htdocs\framework\web\CController.php(265): NewController->runActionWithFilters()
#2 D:\EDU\PHP\WAMP\apache2\htdocs\framework\web\CWebApplication.php(282): NewController->run()
#3 D:\EDU\PHP\WAMP\apache2\htdocs\framework\web\CWebApplication.php(141): CWebApplication->runController()
#4 D:\EDU\PHP\WAMP\apache2\htdocs\framework\base\CApplication.php(180): CWebApplication->processRequest()
#5 D:\EDU\PHP\WAMP\apache2\htdocs\PROJECTS\star\index.php(13): CWebApplication->run()
REQUEST_URI=/PROJECTS/star/index.php
in D:\EDU\PHP\WAMP\apache2\htdocs\PROJECTS\star\protected\controllers\NewController.php (14)
in D:\EDU\PHP\WAMP\apache2\htdocs\PROJECTS\star\index.php (13)
2014/12/14 01:02:11 [error] [php] Undefined index: v (D:\EDU\PHP\WAMP\apache2\htdocs\PROJECTS\star\protected\models\sunny.php:35)
Stack trace:
#0 D:\EDU\PHP\WAMP\apache2\htdocs\framework\web\CController.php(308): CInlineAction->runWithParams()
#1 D:\EDU\PHP\WAMP\apache2\htdocs\framework\web\CController.php(286): NewController->runAction()
#2 D:\EDU\PHP\WAMP\apache2\htdocs\framework\web\CController.php(265): NewController->runActionWithFilters()
#3 D:\EDU\PHP\WAMP\apache2\htdocs\framework\web\CWebApplication.php(282): NewController->run()
#4 D:\EDU\PHP\WAMP\apache2\htdocs\framework\web\CWebApplication.php(141): CWebApplication->runController()
#5 D:\EDU\PHP\WAMP\apache2\htdocs\framework\base\CApplication.php(180): CWebApplication->processRequest()
#6 D:\EDU\PHP\WAMP\apache2\htdocs\PROJECTS\star\index.php(13): CWebApplication->run()
REQUEST_URI=/PROJECTS/star/index.php
in D:\EDU\PHP\WAMP\apache2\htdocs\PROJECTS\star\protected\models\sunny.php (35)
in D:\EDU\PHP\WAMP\apache2\htdocs\PROJECTS\star\protected\controllers\NewController.php (9)
in D:\EDU\PHP\WAMP\apache2\htdocs\PROJECTS\star\index.php (13)
2014/12/14 01:02:49 [error] [php] Undefined index: v (D:\EDU\PHP\WAMP\apache2\htdocs\PROJECTS\star\protected\models\sunny.php:35)
Stack trace:
#0 D:\EDU\PHP\WAMP\apache2\htdocs\framework\web\CController.php(308): CInlineAction->runWithParams()
#1 D:\EDU\PHP\WAMP\apache2\htdocs\framework\web\CController.php(286): NewController->runAction()
#2 D:\EDU\PHP\WAMP\apache2\htdocs\framework\web\CController.php(265): NewController->runActionWithFilters()
#3 D:\EDU\PHP\WAMP\apache2\htdocs\framework\web\CWebApplication.php(282): NewController->run()
#4 D:\EDU\PHP\WAMP\apache2\htdocs\framework\web\CWebApplication.php(141): CWebApplication->runController()
#5 D:\EDU\PHP\WAMP\apache2\htdocs\framework\base\CApplication.php(180): CWebApplication->processRequest()
#6 D:\EDU\PHP\WAMP\apache2\htdocs\PROJECTS\star\index.php(13): CWebApplication->run()
REQUEST_URI=/PROJECTS/star/index.php
in D:\EDU\PHP\WAMP\apache2\htdocs\PROJECTS\star\protected\models\sunny.php (35)
in D:\EDU\PHP\WAMP\apache2\htdocs\PROJECTS\star\protected\controllers\NewController.php (9)
in D:\EDU\PHP\WAMP\apache2\htdocs\PROJECTS\star\index.php (13)
2014/12/14 01:51:54 [error] [php] Undefined index: video_url (D:\EDU\PHP\WAMP\apache2\htdocs\PROJECTS\star\protected\models\sunny.php:41)
Stack trace:
#0 D:\EDU\PHP\WAMP\apache2\htdocs\framework\web\CController.php(308): CInlineAction->runWithParams()
#1 D:\EDU\PHP\WAMP\apache2\htdocs\framework\web\CController.php(286): NewController->runAction()
#2 D:\EDU\PHP\WAMP\apache2\htdocs\framework\web\CController.php(265): NewController->runActionWithFilters()
#3 D:\EDU\PHP\WAMP\apache2\htdocs\framework\web\CWebApplication.php(282): NewController->run()
#4 D:\EDU\PHP\WAMP\apache2\htdocs\framework\web\CWebApplication.php(141): CWebApplication->runController()
#5 D:\EDU\PHP\WAMP\apache2\htdocs\framework\base\CApplication.php(180): CWebApplication->processRequest()
#6 D:\EDU\PHP\WAMP\apache2\htdocs\PROJECTS\star\index.php(13): CWebApplication->run()
REQUEST_URI=/PROJECTS/star/index.php
in D:\EDU\PHP\WAMP\apache2\htdocs\PROJECTS\star\protected\models\sunny.php (41)
in D:\EDU\PHP\WAMP\apache2\htdocs\PROJECTS\star\protected\controllers\NewController.php (11)
in D:\EDU\PHP\WAMP\apache2\htdocs\PROJECTS\star\index.php (13)
2014/12/14 01:58:41 [error] [php] Undefined variable: video_url (D:\EDU\PHP\WAMP\apache2\htdocs\PROJECTS\star\protected\controllers\NewController.php:15)
Stack trace:
#0 D:\EDU\PHP\WAMP\apache2\htdocs\framework\web\CController.php(286): NewController->runAction()
#1 D:\EDU\PHP\WAMP\apache2\htdocs\framework\web\CController.php(265): NewController->runActionWithFilters()
#2 D:\EDU\PHP\WAMP\apache2\htdocs\framework\web\CWebApplication.php(282): NewController->run()
#3 D:\EDU\PHP\WAMP\apache2\htdocs\framework\web\CWebApplication.php(141): CWebApplication->runController()
#4 D:\EDU\PHP\WAMP\apache2\htdocs\framework\base\CApplication.php(180): CWebApplication->processRequest()
#5 D:\EDU\PHP\WAMP\apache2\htdocs\PROJECTS\star\index.php(13): CWebApplication->run()
REQUEST_URI=/PROJECTS/star/index.php
in D:\EDU\PHP\WAMP\apache2\htdocs\PROJECTS\star\protected\controllers\NewController.php (15)
in D:\EDU\PHP\WAMP\apache2\htdocs\PROJECTS\star\index.php (13)
2014/12/14 02:18:26 [error] [exception.CException] exception 'CException' with message 'Property "NewController.video_url" is not defined.' in D:\EDU\PHP\WAMP\apache2\htdocs\framework\base\CComponent.php:130
Stack trace:
#0 D:\EDU\PHP\WAMP\apache2\htdocs\PROJECTS\star\protected\controllers\NewController.php(25): CComponent->__get('video_url')
#1 D:\EDU\PHP\WAMP\apache2\htdocs\framework\web\actions\CInlineAction.php(49): NewController->actionIndex()
#2 D:\EDU\PHP\WAMP\apache2\htdocs\framework\web\CController.php(308): CInlineAction->runWithParams(Array)
#3 D:\EDU\PHP\WAMP\apache2\htdocs\framework\web\CController.php(286): CController->runAction(Object(CInlineAction))
#4 D:\EDU\PHP\WAMP\apache2\htdocs\framework\web\CController.php(265): CController->runActionWithFilters(Object(CInlineAction), Array)
#5 D:\EDU\PHP\WAMP\apache2\htdocs\framework\web\CWebApplication.php(282): CController->run('')
#6 D:\EDU\PHP\WAMP\apache2\htdocs\framework\web\CWebApplication.php(141): CWebApplication->runController('')
#7 D:\EDU\PHP\WAMP\apache2\htdocs\framework\base\CApplication.php(180): CWebApplication->processRequest()
#8 D:\EDU\PHP\WAMP\apache2\htdocs\PROJECTS\star\index.php(13): CApplication->run()
#9 {main}
REQUEST_URI=/PROJECTS/star/index.php
HTTP_REFERER=http://127.0.0.1/PROJECTS/star/index.php
---
2014/12/14 02:22:55 [error] [php] Undefined index: title (D:\EDU\PHP\WAMP\apache2\htdocs\PROJECTS\star\protected\views\new\changeInfo.php:6)
Stack trace:
#0 D:\EDU\PHP\WAMP\apache2\htdocs\framework\web\CController.php(869): NewController->renderFile()
#1 D:\EDU\PHP\WAMP\apache2\htdocs\framework\web\CController.php(782): NewController->renderPartial()
#2 D:\EDU\PHP\WAMP\apache2\htdocs\PROJECTS\star\protected\controllers\NewController.php(20): NewController->render()
#3 D:\EDU\PHP\WAMP\apache2\htdocs\framework\web\actions\CInlineAction.php(49): NewController->actionIndex()
#4 D:\EDU\PHP\WAMP\apache2\htdocs\framework\web\CController.php(308): CInlineAction->runWithParams()
#5 D:\EDU\PHP\WAMP\apache2\htdocs\framework\web\CController.php(286): NewController->runAction()
#6 D:\EDU\PHP\WAMP\apache2\htdocs\framework\web\CController.php(265): NewController->runActionWithFilters()
#7 D:\EDU\PHP\WAMP\apache2\htdocs\framework\web\CWebApplication.php(282): NewController->run()
#8 D:\EDU\PHP\WAMP\apache2\htdocs\framework\web\CWebApplication.php(141): CWebApplication->runController()
#9 D:\EDU\PHP\WAMP\apache2\htdocs\framework\base\CApplication.php(180): CWebApplication->processRequest()
#10 D:\EDU\PHP\WAMP\apache2\htdocs\PROJECTS\star\index.php(13): CWebApplication->run()
REQUEST_URI=/PROJECTS/star/index.php
in D:\EDU\PHP\WAMP\apache2\htdocs\PROJECTS\star\protected\views\new\changeInfo.php (6)
in D:\EDU\PHP\WAMP\apache2\htdocs\PROJECTS\star\protected\controllers\NewController.php (20)
in D:\EDU\PHP\WAMP\apache2\htdocs\PROJECTS\star\index.php (13)
2014/12/14 02:57:30 [error] [php] Undefined property: stdClass::$thumbnails (D:\EDU\PHP\WAMP\apache2\htdocs\PROJECTS\star\protected\models\sunny.php:26)
Stack trace:
#0 D:\EDU\PHP\WAMP\apache2\htdocs\framework\web\CController.php(308): CInlineAction->runWithParams()
#1 D:\EDU\PHP\WAMP\apache2\htdocs\framework\web\CController.php(286): NewController->runAction()
#2 D:\EDU\PHP\WAMP\apache2\htdocs\framework\web\CController.php(265): NewController->runActionWithFilters()
#3 D:\EDU\PHP\WAMP\apache2\htdocs\framework\web\CWebApplication.php(282): NewController->run()
#4 D:\EDU\PHP\WAMP\apache2\htdocs\framework\web\CWebApplication.php(141): CWebApplication->runController()
#5 D:\EDU\PHP\WAMP\apache2\htdocs\framework\base\CApplication.php(180): CWebApplication->processRequest()
#6 D:\EDU\PHP\WAMP\apache2\htdocs\PROJECTS\star\index.php(13): CWebApplication->run()
REQUEST_URI=/PROJECTS/star/index.php
in D:\EDU\PHP\WAMP\apache2\htdocs\PROJECTS\star\protected\models\sunny.php (26)
in D:\EDU\PHP\WAMP\apache2\htdocs\PROJECTS\star\protected\controllers\NewController.php (20)
in D:\EDU\PHP\WAMP\apache2\htdocs\PROJECTS\star\index.php (13)
2014/12/14 02:59:32 [error] [php] Undefined property: stdClass::$high (D:\EDU\PHP\WAMP\apache2\htdocs\PROJECTS\star\protected\models\sunny.php:26)
Stack trace:
#0 D:\EDU\PHP\WAMP\apache2\htdocs\framework\web\CController.php(308): CInlineAction->runWithParams()
#1 D:\EDU\PHP\WAMP\apache2\htdocs\framework\web\CController.php(286): NewController->runAction()
#2 D:\EDU\PHP\WAMP\apache2\htdocs\framework\web\CController.php(265): NewController->runActionWithFilters()
#3 D:\EDU\PHP\WAMP\apache2\htdocs\framework\web\CWebApplication.php(282): NewController->run()
#4 D:\EDU\PHP\WAMP\apache2\htdocs\framework\web\CWebApplication.php(141): CWebApplication->runController()
#5 D:\EDU\PHP\WAMP\apache2\htdocs\framework\base\CApplication.php(180): CWebApplication->processRequest()
#6 D:\EDU\PHP\WAMP\apache2\htdocs\PROJECTS\star\index.php(13): CWebApplication->run()
REQUEST_URI=/PROJECTS/star/index.php
in D:\EDU\PHP\WAMP\apache2\htdocs\PROJECTS\star\protected\models\sunny.php (26)
in D:\EDU\PHP\WAMP\apache2\htdocs\PROJECTS\star\protected\controllers\NewController.php (20)
in D:\EDU\PHP\WAMP\apache2\htdocs\PROJECTS\star\index.php (13)
2014/12/14 03:00:18 [error] [php] Undefined property: stdClass::$thumbnails->high (D:\EDU\PHP\WAMP\apache2\htdocs\PROJECTS\star\protected\models\sunny.php:26)
Stack trace:
#0 D:\EDU\PHP\WAMP\apache2\htdocs\framework\web\CController.php(308): CInlineAction->runWithParams()
#1 D:\EDU\PHP\WAMP\apache2\htdocs\framework\web\CController.php(286): NewController->runAction()
#2 D:\EDU\PHP\WAMP\apache2\htdocs\framework\web\CController.php(265): NewController->runActionWithFilters()
#3 D:\EDU\PHP\WAMP\apache2\htdocs\framework\web\CWebApplication.php(282): NewController->run()
#4 D:\EDU\PHP\WAMP\apache2\htdocs\framework\web\CWebApplication.php(141): CWebApplication->runController()
#5 D:\EDU\PHP\WAMP\apache2\htdocs\framework\base\CApplication.php(180): CWebApplication->processRequest()
#6 D:\EDU\PHP\WAMP\apache2\htdocs\PROJECTS\star\index.php(13): CWebApplication->run()
REQUEST_URI=/PROJECTS/star/index.php
in D:\EDU\PHP\WAMP\apache2\htdocs\PROJECTS\star\protected\models\sunny.php (26)
in D:\EDU\PHP\WAMP\apache2\htdocs\PROJECTS\star\protected\controllers\NewController.php (20)
in D:\EDU\PHP\WAMP\apache2\htdocs\PROJECTS\star\index.php (13)
2014/12/14 03:08:44 [error] [php] Undefined property: stdClass::$title (D:\EDU\PHP\WAMP\apache2\htdocs\PROJECTS\star\protected\models\sunny.php:26)
Stack trace:
#0 D:\EDU\PHP\WAMP\apache2\htdocs\framework\web\CController.php(308): CInlineAction->runWithParams()
#1 D:\EDU\PHP\WAMP\apache2\htdocs\framework\web\CController.php(286): NewController->runAction()
#2 D:\EDU\PHP\WAMP\apache2\htdocs\framework\web\CController.php(265): NewController->runActionWithFilters()
#3 D:\EDU\PHP\WAMP\apache2\htdocs\framework\web\CWebApplication.php(282): NewController->run()
#4 D:\EDU\PHP\WAMP\apache2\htdocs\framework\web\CWebApplication.php(141): CWebApplication->runController()
#5 D:\EDU\PHP\WAMP\apache2\htdocs\framework\base\CApplication.php(180): CWebApplication->processRequest()
#6 D:\EDU\PHP\WAMP\apache2\htdocs\PROJECTS\star\index.php(13): CWebApplication->run()
REQUEST_URI=/PROJECTS/star/index.php
in D:\EDU\PHP\WAMP\apache2\htdocs\PROJECTS\star\protected\models\sunny.php (26)
in D:\EDU\PHP\WAMP\apache2\htdocs\PROJECTS\star\protected\controllers\NewController.php (18)
in D:\EDU\PHP\WAMP\apache2\htdocs\PROJECTS\star\index.php (13)
2014/12/14 03:09:14 [error] [php] Undefined property: stdClass::$thumbnails->high (D:\EDU\PHP\WAMP\apache2\htdocs\PROJECTS\star\protected\models\sunny.php:26)
Stack trace:
#0 D:\EDU\PHP\WAMP\apache2\htdocs\framework\web\CController.php(308): CInlineAction->runWithParams()
#1 D:\EDU\PHP\WAMP\apache2\htdocs\framework\web\CController.php(286): NewController->runAction()
#2 D:\EDU\PHP\WAMP\apache2\htdocs\framework\web\CController.php(265): NewController->runActionWithFilters()
#3 D:\EDU\PHP\WAMP\apache2\htdocs\framework\web\CWebApplication.php(282): NewController->run()
#4 D:\EDU\PHP\WAMP\apache2\htdocs\framework\web\CWebApplication.php(141): CWebApplication->runController()
#5 D:\EDU\PHP\WAMP\apache2\htdocs\framework\base\CApplication.php(180): CWebApplication->processRequest()
#6 D:\EDU\PHP\WAMP\apache2\htdocs\PROJECTS\star\index.php(13): CWebApplication->run()
REQUEST_URI=/PROJECTS/star/index.php
in D:\EDU\PHP\WAMP\apache2\htdocs\PROJECTS\star\protected\models\sunny.php (26)
in D:\EDU\PHP\WAMP\apache2\htdocs\PROJECTS\star\protected\controllers\NewController.php (20)
in D:\EDU\PHP\WAMP\apache2\htdocs\PROJECTS\star\index.php (13)
2014/12/14 03:10:21 [error] [php] Undefined property: stdClass::$thumbnails->high->url (D:\EDU\PHP\WAMP\apache2\htdocs\PROJECTS\star\protected\models\sunny.php:26)
Stack trace:
#0 D:\EDU\PHP\WAMP\apache2\htdocs\framework\web\CController.php(308): CInlineAction->runWithParams()
#1 D:\EDU\PHP\WAMP\apache2\htdocs\framework\web\CController.php(286): NewController->runAction()
#2 D:\EDU\PHP\WAMP\apache2\htdocs\framework\web\CController.php(265): NewController->runActionWithFilters()
#3 D:\EDU\PHP\WAMP\apache2\htdocs\framework\web\CWebApplication.php(282): NewController->run()
#4 D:\EDU\PHP\WAMP\apache2\htdocs\framework\web\CWebApplication.php(141): CWebApplication->runController()
#5 D:\EDU\PHP\WAMP\apache2\htdocs\framework\base\CApplication.php(180): CWebApplication->processRequest()
#6 D:\EDU\PHP\WAMP\apache2\htdocs\PROJECTS\star\index.php(13): CWebApplication->run()
REQUEST_URI=/PROJECTS/star/index.php
in D:\EDU\PHP\WAMP\apache2\htdocs\PROJECTS\star\protected\models\sunny.php (26)
in D:\EDU\PHP\WAMP\apache2\htdocs\PROJECTS\star\protected\controllers\NewController.php (20)
in D:\EDU\PHP\WAMP\apache2\htdocs\PROJECTS\star\index.php (13)
2014/12/14 03:11:27 [error] [php] Undefined property: stdClass::$thumbnails->high (D:\EDU\PHP\WAMP\apache2\htdocs\PROJECTS\star\protected\models\sunny.php:26)
Stack trace:
#0 D:\EDU\PHP\WAMP\apache2\htdocs\framework\web\CController.php(308): CInlineAction->runWithParams()
#1 D:\EDU\PHP\WAMP\apache2\htdocs\framework\web\CController.php(286): NewController->runAction()
#2 D:\EDU\PHP\WAMP\apache2\htdocs\framework\web\CController.php(265): NewController->runActionWithFilters()
#3 D:\EDU\PHP\WAMP\apache2\htdocs\framework\web\CWebApplication.php(282): NewController->run()
#4 D:\EDU\PHP\WAMP\apache2\htdocs\framework\web\CWebApplication.php(141): CWebApplication->runController()
#5 D:\EDU\PHP\WAMP\apache2\htdocs\framework\base\CApplication.php(180): CWebApplication->processRequest()
#6 D:\EDU\PHP\WAMP\apache2\htdocs\PROJECTS\star\index.php(13): CWebApplication->run()
REQUEST_URI=/PROJECTS/star/index.php
in D:\EDU\PHP\WAMP\apache2\htdocs\PROJECTS\star\protected\models\sunny.php (26)
in D:\EDU\PHP\WAMP\apache2\htdocs\PROJECTS\star\protected\controllers\NewController.php (20)
in D:\EDU\PHP\WAMP\apache2\htdocs\PROJECTS\star\index.php (13)
2014/12/14 03:17:28 [error] [php] Undefined index: image (D:\EDU\PHP\WAMP\apache2\htdocs\PROJECTS\star\protected\views\new\changeInfo.php:13)
Stack trace:
#0 D:\EDU\PHP\WAMP\apache2\htdocs\framework\web\CController.php(869): NewController->renderFile()
#1 D:\EDU\PHP\WAMP\apache2\htdocs\framework\web\CController.php(782): NewController->renderPartial()
#2 D:\EDU\PHP\WAMP\apache2\htdocs\PROJECTS\star\protected\controllers\NewController.php(21): NewController->render()
#3 D:\EDU\PHP\WAMP\apache2\htdocs\framework\web\actions\CInlineAction.php(49): NewController->actionIndex()
#4 D:\EDU\PHP\WAMP\apache2\htdocs\framework\web\CController.php(308): CInlineAction->runWithParams()
#5 D:\EDU\PHP\WAMP\apache2\htdocs\framework\web\CController.php(286): NewController->runAction()
#6 D:\EDU\PHP\WAMP\apache2\htdocs\framework\web\CController.php(265): NewController->runActionWithFilters()
#7 D:\EDU\PHP\WAMP\apache2\htdocs\framework\web\CWebApplication.php(282): NewController->run()
#8 D:\EDU\PHP\WAMP\apache2\htdocs\framework\web\CWebApplication.php(141): CWebApplication->runController()
#9 D:\EDU\PHP\WAMP\apache2\htdocs\framework\base\CApplication.php(180): CWebApplication->processRequest()
#10 D:\EDU\PHP\WAMP\apache2\htdocs\PROJECTS\star\index.php(13): CWebApplication->run()
REQUEST_URI=/PROJECTS/star/index.php
in D:\EDU\PHP\WAMP\apache2\htdocs\PROJECTS\star\protected\views\new\changeInfo.php (13)
in D:\EDU\PHP\WAMP\apache2\htdocs\PROJECTS\star\protected\controllers\NewController.php (21)
in D:\EDU\PHP\WAMP\apache2\htdocs\PROJECTS\star\index.php (13)
2014/12/14 03:40:15 [error] [php] Object of class sunny could not be converted to string (D:\EDU\PHP\WAMP\apache2\htdocs\PROJECTS\star\protected\views\new\second.php:5)
Stack trace:
#0 D:\EDU\PHP\WAMP\apache2\htdocs\framework\web\CController.php(869): NewController->renderFile()
#1 D:\EDU\PHP\WAMP\apache2\htdocs\framework\web\CController.php(782): NewController->renderPartial()
#2 D:\EDU\PHP\WAMP\apache2\htdocs\PROJECTS\star\protected\controllers\NewController.php(42): NewController->render()
#3 D:\EDU\PHP\WAMP\apache2\htdocs\framework\web\actions\CInlineAction.php(49): NewController->actionSecond()
#4 D:\EDU\PHP\WAMP\apache2\htdocs\framework\web\CController.php(308): CInlineAction->runWithParams()
#5 D:\EDU\PHP\WAMP\apache2\htdocs\framework\web\CController.php(286): NewController->runAction()
#6 D:\EDU\PHP\WAMP\apache2\htdocs\framework\web\CController.php(265): NewController->runActionWithFilters()
#7 D:\EDU\PHP\WAMP\apache2\htdocs\framework\web\CWebApplication.php(282): NewController->run()
#8 D:\EDU\PHP\WAMP\apache2\htdocs\framework\web\CWebApplication.php(141): CWebApplication->runController()
#9 D:\EDU\PHP\WAMP\apache2\htdocs\framework\base\CApplication.php(180): CWebApplication->processRequest()
#10 D:\EDU\PHP\WAMP\apache2\htdocs\PROJECTS\star\index.php(13): CWebApplication->run()
REQUEST_URI=/PROJECTS/star/index.php?r=new/second
in D:\EDU\PHP\WAMP\apache2\htdocs\PROJECTS\star\protected\views\new\second.php (5)
in D:\EDU\PHP\WAMP\apache2\htdocs\PROJECTS\star\protected\controllers\NewController.php (42)
in D:\EDU\PHP\WAMP\apache2\htdocs\PROJECTS\star\index.php (13)
2014/12/14 03:47:21 [error] [php] Undefined property: stdClass::$maxres (D:\EDU\PHP\WAMP\apache2\htdocs\PROJECTS\star\protected\controllers\NewController.php:20)
Stack trace:
#0 D:\EDU\PHP\WAMP\apache2\htdocs\framework\web\CController.php(286): NewController->runAction()
#1 D:\EDU\PHP\WAMP\apache2\htdocs\framework\web\CController.php(265): NewController->runActionWithFilters()
#2 D:\EDU\PHP\WAMP\apache2\htdocs\framework\web\CWebApplication.php(282): NewController->run()
#3 D:\EDU\PHP\WAMP\apache2\htdocs\framework\web\CWebApplication.php(141): CWebApplication->runController()
#4 D:\EDU\PHP\WAMP\apache2\htdocs\framework\base\CApplication.php(180): CWebApplication->processRequest()
#5 D:\EDU\PHP\WAMP\apache2\htdocs\PROJECTS\star\index.php(13): CWebApplication->run()
REQUEST_URI=/PROJECTS/star/index.php
in D:\EDU\PHP\WAMP\apache2\htdocs\PROJECTS\star\protected\controllers\NewController.php (20)
in D:\EDU\PHP\WAMP\apache2\htdocs\PROJECTS\star\index.php (13)
2014/12/14 03:48:02 [error] [php] Undefined property: stdClass::$maxres (D:\EDU\PHP\WAMP\apache2\htdocs\PROJECTS\star\protected\controllers\NewController.php:20)
Stack trace:
#0 D:\EDU\PHP\WAMP\apache2\htdocs\framework\web\CController.php(286): NewController->runAction()
#1 D:\EDU\PHP\WAMP\apache2\htdocs\framework\web\CController.php(265): NewController->runActionWithFilters()
#2 D:\EDU\PHP\WAMP\apache2\htdocs\framework\web\CWebApplication.php(282): NewController->run()
#3 D:\EDU\PHP\WAMP\apache2\htdocs\framework\web\CWebApplication.php(141): CWebApplication->runController()
#4 D:\EDU\PHP\WAMP\apache2\htdocs\framework\base\CApplication.php(180): CWebApplication->processRequest()
#5 D:\EDU\PHP\WAMP\apache2\htdocs\PROJECTS\star\index.php(13): CWebApplication->run()
REQUEST_URI=/PROJECTS/star/index.php
in D:\EDU\PHP\WAMP\apache2\htdocs\PROJECTS\star\protected\controllers\NewController.php (20)
in D:\EDU\PHP\WAMP\apache2\htdocs\PROJECTS\star\index.php (13)
2014/12/14 03:50:32 [error] [php] Undefined property: stdClass::$standard (D:\EDU\PHP\WAMP\apache2\htdocs\PROJECTS\star\protected\controllers\NewController.php:20)
Stack trace:
#0 D:\EDU\PHP\WAMP\apache2\htdocs\framework\web\CController.php(286): NewController->runAction()
#1 D:\EDU\PHP\WAMP\apache2\htdocs\framework\web\CController.php(265): NewController->runActionWithFilters()
#2 D:\EDU\PHP\WAMP\apache2\htdocs\framework\web\CWebApplication.php(282): NewController->run()
#3 D:\EDU\PHP\WAMP\apache2\htdocs\framework\web\CWebApplication.php(141): CWebApplication->runController()
#4 D:\EDU\PHP\WAMP\apache2\htdocs\framework\base\CApplication.php(180): CWebApplication->processRequest()
#5 D:\EDU\PHP\WAMP\apache2\htdocs\PROJECTS\star\index.php(13): CWebApplication->run()
REQUEST_URI=/PROJECTS/star/index.php
in D:\EDU\PHP\WAMP\apache2\htdocs\PROJECTS\star\protected\controllers\NewController.php (20)
in D:\EDU\PHP\WAMP\apache2\htdocs\PROJECTS\star\index.php (13)
2014/12/14 06:45:19 [error] [php] strpos() expects parameter 1 to be string, object given (D:\EDU\PHP\WAMP\apache2\htdocs\framework\web\CHttpRequest.php:801)
Stack trace:
#0 D:\EDU\PHP\WAMP\apache2\htdocs\PROJECTS\star\protected\controllers\NewController.php(27): NewController->redirect()
#1 D:\EDU\PHP\WAMP\apache2\htdocs\framework\web\actions\CInlineAction.php(49): NewController->actionIndex()
#2 D:\EDU\PHP\WAMP\apache2\htdocs\framework\web\CController.php(308): CInlineAction->runWithParams()
#3 D:\EDU\PHP\WAMP\apache2\htdocs\framework\web\CController.php(286): NewController->runAction()
#4 D:\EDU\PHP\WAMP\apache2\htdocs\framework\web\CController.php(265): NewController->runActionWithFilters()
#5 D:\EDU\PHP\WAMP\apache2\htdocs\framework\web\CWebApplication.php(282): NewController->run()
#6 D:\EDU\PHP\WAMP\apache2\htdocs\framework\web\CWebApplication.php(141): CWebApplication->runController()
#7 D:\EDU\PHP\WAMP\apache2\htdocs\framework\base\CApplication.php(180): CWebApplication->processRequest()
#8 D:\EDU\PHP\WAMP\apache2\htdocs\PROJECTS\star\index.php(13): CWebApplication->run()
REQUEST_URI=/PROJECTS/star/index.php?r=new/index
in D:\EDU\PHP\WAMP\apache2\htdocs\PROJECTS\star\protected\controllers\NewController.php (27)
in D:\EDU\PHP\WAMP\apache2\htdocs\PROJECTS\star\index.php (13)
2014/12/14 07:21:17 [error] [exception.CException] exception 'CException' with message 'Property "sunny.video_url" is not defined.' in D:\EDU\PHP\WAMP\apache2\htdocs\framework\base\CComponent.php:130
Stack trace:
#0 D:\EDU\PHP\WAMP\apache2\htdocs\framework\db\ar\CActiveRecord.php(145): CComponent->__get('video_url')
#1 D:\EDU\PHP\WAMP\apache2\htdocs\PROJECTS\star\protected\views\new\second.php(6): CActiveRecord->__get('video_url')
#2 D:\EDU\PHP\WAMP\apache2\htdocs\framework\web\CBaseController.php(126): require('D:\\EDU\\PHP\\WAMP...')
#3 D:\EDU\PHP\WAMP\apache2\htdocs\framework\web\CBaseController.php(95): CBaseController->renderInternal('D:\\EDU\\PHP\\WAMP...', Array, true)
#4 D:\EDU\PHP\WAMP\apache2\htdocs\framework\web\CController.php(869): CBaseController->renderFile('D:\\EDU\\PHP\\WAMP...', Array, true)
#5 D:\EDU\PHP\WAMP\apache2\htdocs\framework\web\CController.php(782): CController->renderPartial('second', Array, true)
#6 D:\EDU\PHP\WAMP\apache2\htdocs\PROJECTS\star\protected\controllers\NewController.php(45): CController->render('second', Array)
#7 D:\EDU\PHP\WAMP\apache2\htdocs\framework\web\actions\CInlineAction.php(49): NewController->actionSecond()
#8 D:\EDU\PHP\WAMP\apache2\htdocs\framework\web\CController.php(308): CInlineAction->runWithParams(Array)
#9 D:\EDU\PHP\WAMP\apache2\htdocs\framework\web\CController.php(286): CController->runAction(Object(CInlineAction))
#10 D:\EDU\PHP\WAMP\apache2\htdocs\framework\web\CController.php(265): CController->runActionWithFilters(Object(CInlineAction), Array)
#11 D:\EDU\PHP\WAMP\apache2\htdocs\framework\web\CWebApplication.php(282): CController->run('second')
#12 D:\EDU\PHP\WAMP\apache2\htdocs\framework\web\CWebApplication.php(141): CWebApplication->runController('new/second')
#13 D:\EDU\PHP\WAMP\apache2\htdocs\framework\base\CApplication.php(180): CWebApplication->processRequest()
#14 D:\EDU\PHP\WAMP\apache2\htdocs\PROJECTS\star\index.php(13): CApplication->run()
#15 {main}
REQUEST_URI=/PROJECTS/star/index.php?r=new/second
HTTP_REFERER=http://127.0.0.1/PROJECTS/star/index.php?r=new/index
---
2014/12/14 09:41:46 [error] [php] Undefined index: v (D:\EDU\PHP\WAMP\apache2\htdocs\PROJECTS\star\protected\models\sunny.php:38)
Stack trace:
#0 D:\EDU\PHP\WAMP\apache2\htdocs\framework\web\CController.php(308): CInlineAction->runWithParams()
#1 D:\EDU\PHP\WAMP\apache2\htdocs\framework\web\CController.php(286): NewController->runAction()
#2 D:\EDU\PHP\WAMP\apache2\htdocs\framework\web\CController.php(265): NewController->runActionWithFilters()
#3 D:\EDU\PHP\WAMP\apache2\htdocs\framework\web\CWebApplication.php(282): NewController->run()
#4 D:\EDU\PHP\WAMP\apache2\htdocs\framework\web\CWebApplication.php(141): CWebApplication->runController()
#5 D:\EDU\PHP\WAMP\apache2\htdocs\framework\base\CApplication.php(180): CWebApplication->processRequest()
#6 D:\EDU\PHP\WAMP\apache2\htdocs\PROJECTS\star\index.php(13): CWebApplication->run()
REQUEST_URI=/PROJECTS/star/index.php?r=new/index
in D:\EDU\PHP\WAMP\apache2\htdocs\PROJECTS\star\protected\models\sunny.php (38)
in D:\EDU\PHP\WAMP\apache2\htdocs\PROJECTS\star\protected\controllers\NewController.php (20)
in D:\EDU\PHP\WAMP\apache2\htdocs\PROJECTS\star\index.php (13)
2014/12/14 09:42:09 [error] [php] Undefined index: v (D:\EDU\PHP\WAMP\apache2\htdocs\PROJECTS\star\protected\models\sunny.php:38)
Stack trace:
#0 D:\EDU\PHP\WAMP\apache2\htdocs\framework\web\CController.php(308): CInlineAction->runWithParams()
#1 D:\EDU\PHP\WAMP\apache2\htdocs\framework\web\CController.php(286): NewController->runAction()
#2 D:\EDU\PHP\WAMP\apache2\htdocs\framework\web\CController.php(265): NewController->runActionWithFilters()
#3 D:\EDU\PHP\WAMP\apache2\htdocs\framework\web\CWebApplication.php(282): NewController->run()
#4 D:\EDU\PHP\WAMP\apache2\htdocs\framework\web\CWebApplication.php(141): CWebApplication->runController()
#5 D:\EDU\PHP\WAMP\apache2\htdocs\framework\base\CApplication.php(180): CWebApplication->processRequest()
#6 D:\EDU\PHP\WAMP\apache2\htdocs\PROJECTS\star\index.php(13): CWebApplication->run()
REQUEST_URI=/PROJECTS/star/index.php?r=new/index
in D:\EDU\PHP\WAMP\apache2\htdocs\PROJECTS\star\protected\models\sunny.php (38)
in D:\EDU\PHP\WAMP\apache2\htdocs\PROJECTS\star\protected\controllers\NewController.php (20)
in D:\EDU\PHP\WAMP\apache2\htdocs\PROJECTS\star\index.php (13)
2014/12/14 09:42:16 [error] [php] Undefined index: v (D:\EDU\PHP\WAMP\apache2\htdocs\PROJECTS\star\protected\models\sunny.php:38)
Stack trace:
#0 D:\EDU\PHP\WAMP\apache2\htdocs\framework\web\CController.php(308): CInlineAction->runWithParams()
#1 D:\EDU\PHP\WAMP\apache2\htdocs\framework\web\CController.php(286): NewController->runAction()
#2 D:\EDU\PHP\WAMP\apache2\htdocs\framework\web\CController.php(265): NewController->runActionWithFilters()
#3 D:\EDU\PHP\WAMP\apache2\htdocs\framework\web\CWebApplication.php(282): NewController->run()
#4 D:\EDU\PHP\WAMP\apache2\htdocs\framework\web\CWebApplication.php(141): CWebApplication->runController()
#5 D:\EDU\PHP\WAMP\apache2\htdocs\framework\base\CApplication.php(180): CWebApplication->processRequest()
#6 D:\EDU\PHP\WAMP\apache2\htdocs\PROJECTS\star\index.php(13): CWebApplication->run()
REQUEST_URI=/PROJECTS/star/index.php?r=new/index
in D:\EDU\PHP\WAMP\apache2\htdocs\PROJECTS\star\protected\models\sunny.php (38)
in D:\EDU\PHP\WAMP\apache2\htdocs\PROJECTS\star\protected\controllers\NewController.php (20)
in D:\EDU\PHP\WAMP\apache2\htdocs\PROJECTS\star\index.php (13)
2014/12/14 09:43:08 [error] [php] Undefined index: v (D:\EDU\PHP\WAMP\apache2\htdocs\PROJECTS\star\protected\models\sunny.php:38)
Stack trace:
#0 D:\EDU\PHP\WAMP\apache2\htdocs\framework\web\CController.php(308): CInlineAction->runWithParams()
#1 D:\EDU\PHP\WAMP\apache2\htdocs\framework\web\CController.php(286): NewController->runAction()
#2 D:\EDU\PHP\WAMP\apache2\htdocs\framework\web\CController.php(265): NewController->runActionWithFilters()
#3 D:\EDU\PHP\WAMP\apache2\htdocs\framework\web\CWebApplication.php(282): NewController->run()
#4 D:\EDU\PHP\WAMP\apache2\htdocs\framework\web\CWebApplication.php(141): CWebApplication->runController()
#5 D:\EDU\PHP\WAMP\apache2\htdocs\framework\base\CApplication.php(180): CWebApplication->processRequest()
#6 D:\EDU\PHP\WAMP\apache2\htdocs\PROJECTS\star\index.php(13): CWebApplication->run()
REQUEST_URI=/PROJECTS/star/index.php?r=new/index
in D:\EDU\PHP\WAMP\apache2\htdocs\PROJECTS\star\protected\models\sunny.php (38)
in D:\EDU\PHP\WAMP\apache2\htdocs\PROJECTS\star\protected\controllers\NewController.php (20)
in D:\EDU\PHP\WAMP\apache2\htdocs\PROJECTS\star\index.php (13)
2014/12/14 09:44:15 [error] [php] Undefined offset: 0 (D:\EDU\PHP\WAMP\apache2\htdocs\PROJECTS\star\protected\models\sunny.php:27)
Stack trace:
#0 D:\EDU\PHP\WAMP\apache2\htdocs\framework\web\CController.php(308): CInlineAction->runWithParams()
#1 D:\EDU\PHP\WAMP\apache2\htdocs\framework\web\CController.php(286): NewController->runAction()
#2 D:\EDU\PHP\WAMP\apache2\htdocs\framework\web\CController.php(265): NewController->runActionWithFilters()
#3 D:\EDU\PHP\WAMP\apache2\htdocs\framework\web\CWebApplication.php(282): NewController->run()
#4 D:\EDU\PHP\WAMP\apache2\htdocs\framework\web\CWebApplication.php(141): CWebApplication->runController()
#5 D:\EDU\PHP\WAMP\apache2\htdocs\framework\base\CApplication.php(180): CWebApplication->processRequest()
#6 D:\EDU\PHP\WAMP\apache2\htdocs\PROJECTS\star\index.php(13): CWebApplication->run()
REQUEST_URI=/PROJECTS/star/index.php?r=new/index
in D:\EDU\PHP\WAMP\apache2\htdocs\PROJECTS\star\protected\models\sunny.php (27)
in D:\EDU\PHP\WAMP\apache2\htdocs\PROJECTS\star\protected\controllers\NewController.php (21)
in D:\EDU\PHP\WAMP\apache2\htdocs\PROJECTS\star\index.php (13)
2014/12/14 09:45:01 [error] [php] Undefined index: v (D:\EDU\PHP\WAMP\apache2\htdocs\PROJECTS\star\protected\models\sunny.php:38)
Stack trace:
#0 D:\EDU\PHP\WAMP\apache2\htdocs\framework\web\CController.php(308): CInlineAction->runWithParams()
#1 D:\EDU\PHP\WAMP\apache2\htdocs\framework\web\CController.php(286): NewController->runAction()
#2 D:\EDU\PHP\WAMP\apache2\htdocs\framework\web\CController.php(265): NewController->runActionWithFilters()
#3 D:\EDU\PHP\WAMP\apache2\htdocs\framework\web\CWebApplication.php(282): NewController->run()
#4 D:\EDU\PHP\WAMP\apache2\htdocs\framework\web\CWebApplication.php(141): CWebApplication->runController()
#5 D:\EDU\PHP\WAMP\apache2\htdocs\framework\base\CApplication.php(180): CWebApplication->processRequest()
#6 D:\EDU\PHP\WAMP\apache2\htdocs\PROJECTS\star\index.php(13): CWebApplication->run()
REQUEST_URI=/PROJECTS/star/index.php?r=new/index
in D:\EDU\PHP\WAMP\apache2\htdocs\PROJECTS\star\protected\models\sunny.php (38)
in D:\EDU\PHP\WAMP\apache2\htdocs\PROJECTS\star\protected\controllers\NewController.php (20)
in D:\EDU\PHP\WAMP\apache2\htdocs\PROJECTS\star\index.php (13)
2014/12/14 09:53:42 [error] [php] Undefined offset: 0 (D:\EDU\PHP\WAMP\apache2\htdocs\PROJECTS\star\protected\models\sunny.php:27)
Stack trace:
#0 D:\EDU\PHP\WAMP\apache2\htdocs\framework\web\CController.php(308): CInlineAction->runWithParams()
#1 D:\EDU\PHP\WAMP\apache2\htdocs\framework\web\CController.php(286): NewController->runAction()
#2 D:\EDU\PHP\WAMP\apache2\htdocs\framework\web\CController.php(265): NewController->runActionWithFilters()
#3 D:\EDU\PHP\WAMP\apache2\htdocs\framework\web\CWebApplication.php(282): NewController->run()
#4 D:\EDU\PHP\WAMP\apache2\htdocs\framework\web\CWebApplication.php(141): CWebApplication->runController()
#5 D:\EDU\PHP\WAMP\apache2\htdocs\framework\base\CApplication.php(180): CWebApplication->processRequest()
#6 D:\EDU\PHP\WAMP\apache2\htdocs\PROJECTS\star\index.php(13): CWebApplication->run()
REQUEST_URI=/PROJECTS/star/index.php?r=new/index
in D:\EDU\PHP\WAMP\apache2\htdocs\PROJECTS\star\protected\models\sunny.php (27)
in D:\EDU\PHP\WAMP\apache2\htdocs\PROJECTS\star\protected\controllers\NewController.php (22)
in D:\EDU\PHP\WAMP\apache2\htdocs\PROJECTS\star\index.php (13)
2014/12/14 09:54:20 [error] [php] Undefined index: v (D:\EDU\PHP\WAMP\apache2\htdocs\PROJECTS\star\protected\models\sunny.php:38)
Stack trace:
#0 D:\EDU\PHP\WAMP\apache2\htdocs\framework\web\CController.php(308): CInlineAction->runWithParams()
#1 D:\EDU\PHP\WAMP\apache2\htdocs\framework\web\CController.php(286): NewController->runAction()
#2 D:\EDU\PHP\WAMP\apache2\htdocs\framework\web\CController.php(265): NewController->runActionWithFilters()
#3 D:\EDU\PHP\WAMP\apache2\htdocs\framework\web\CWebApplication.php(282): NewController->run()
#4 D:\EDU\PHP\WAMP\apache2\htdocs\framework\web\CWebApplication.php(141): CWebApplication->runController()
#5 D:\EDU\PHP\WAMP\apache2\htdocs\framework\base\CApplication.php(180): CWebApplication->processRequest()
#6 D:\EDU\PHP\WAMP\apache2\htdocs\PROJECTS\star\index.php(13): CWebApplication->run()
REQUEST_URI=/PROJECTS/star/index.php?r=new/index
in D:\EDU\PHP\WAMP\apache2\htdocs\PROJECTS\star\protected\models\sunny.php (38)
in D:\EDU\PHP\WAMP\apache2\htdocs\PROJECTS\star\protected\controllers\NewController.php (21)
in D:\EDU\PHP\WAMP\apache2\htdocs\PROJECTS\star\index.php (13)
2014/12/14 10:00:10 [error] [php] Undefined index: v (D:\EDU\PHP\WAMP\apache2\htdocs\PROJECTS\star\protected\models\sunny.php:39)
Stack trace:
#0 D:\EDU\PHP\WAMP\apache2\htdocs\framework\web\CController.php(308): CInlineAction->runWithParams()
#1 D:\EDU\PHP\WAMP\apache2\htdocs\framework\web\CController.php(286): NewController->runAction()
#2 D:\EDU\PHP\WAMP\apache2\htdocs\framework\web\CController.php(265): NewController->runActionWithFilters()
#3 D:\EDU\PHP\WAMP\apache2\htdocs\framework\web\CWebApplication.php(282): NewController->run()
#4 D:\EDU\PHP\WAMP\apache2\htdocs\framework\web\CWebApplication.php(141): CWebApplication->runController()
#5 D:\EDU\PHP\WAMP\apache2\htdocs\framework\base\CApplication.php(180): CWebApplication->processRequest()
#6 D:\EDU\PHP\WAMP\apache2\htdocs\PROJECTS\star\index.php(13): CWebApplication->run()
REQUEST_URI=/PROJECTS/star/index.php?r=new/index
in D:\EDU\PHP\WAMP\apache2\htdocs\PROJECTS\star\protected\models\sunny.php (39)
in D:\EDU\PHP\WAMP\apache2\htdocs\PROJECTS\star\protected\controllers\NewController.php (20)
in D:\EDU\PHP\WAMP\apache2\htdocs\PROJECTS\star\index.php (13)
2014/12/14 10:01:34 [error] [php] Undefined index: v (D:\EDU\PHP\WAMP\apache2\htdocs\PROJECTS\star\protected\models\sunny.php:41)
Stack trace:
#0 D:\EDU\PHP\WAMP\apache2\htdocs\framework\web\CController.php(308): CInlineAction->runWithParams()
#1 D:\EDU\PHP\WAMP\apache2\htdocs\framework\web\CController.php(286): NewController->runAction()
#2 D:\EDU\PHP\WAMP\apache2\htdocs\framework\web\CController.php(265): NewController->runActionWithFilters()
#3 D:\EDU\PHP\WAMP\apache2\htdocs\framework\web\CWebApplication.php(282): NewController->run()
#4 D:\EDU\PHP\WAMP\apache2\htdocs\framework\web\CWebApplication.php(141): CWebApplication->runController()
#5 D:\EDU\PHP\WAMP\apache2\htdocs\framework\base\CApplication.php(180): CWebApplication->processRequest()
#6 D:\EDU\PHP\WAMP\apache2\htdocs\PROJECTS\star\index.php(13): CWebApplication->run()
REQUEST_URI=/PROJECTS/star/index.php?r=new/index
in D:\EDU\PHP\WAMP\apache2\htdocs\PROJECTS\star\protected\models\sunny.php (41)
in D:\EDU\PHP\WAMP\apache2\htdocs\PROJECTS\star\protected\controllers\NewController.php (20)
in D:\EDU\PHP\WAMP\apache2\htdocs\PROJECTS\star\index.php (13)
2014/12/14 10:04:31 [error] [php] Undefined offset: 0 (D:\EDU\PHP\WAMP\apache2\htdocs\PROJECTS\star\protected\models\sunny.php:27)
Stack trace:
#0 D:\EDU\PHP\WAMP\apache2\htdocs\framework\web\CController.php(308): CInlineAction->runWithParams()
#1 D:\EDU\PHP\WAMP\apache2\htdocs\framework\web\CController.php(286): NewController->runAction()
#2 D:\EDU\PHP\WAMP\apache2\htdocs\framework\web\CController.php(265): NewController->runActionWithFilters()
#3 D:\EDU\PHP\WAMP\apache2\htdocs\framework\web\CWebApplication.php(282): NewController->run()
#4 D:\EDU\PHP\WAMP\apache2\htdocs\framework\web\CWebApplication.php(141): CWebApplication->runController()
#5 D:\EDU\PHP\WAMP\apache2\htdocs\framework\base\CApplication.php(180): CWebApplication->processRequest()
#6 D:\EDU\PHP\WAMP\apache2\htdocs\PROJECTS\star\index.php(13): CWebApplication->run()
REQUEST_URI=/PROJECTS/star/index.php?r=new/index
in D:\EDU\PHP\WAMP\apache2\htdocs\PROJECTS\star\protected\models\sunny.php (27)
in D:\EDU\PHP\WAMP\apache2\htdocs\PROJECTS\star\protected\controllers\NewController.php (24)
in D:\EDU\PHP\WAMP\apache2\htdocs\PROJECTS\star\index.php (13)
2014/12/14 10:05:39 [error] [php] Undefined offset: 0 (D:\EDU\PHP\WAMP\apache2\htdocs\PROJECTS\star\protected\models\sunny.php:27)
Stack trace:
#0 D:\EDU\PHP\WAMP\apache2\htdocs\framework\web\CController.php(308): CInlineAction->runWithParams()
#1 D:\EDU\PHP\WAMP\apache2\htdocs\framework\web\CController.php(286): NewController->runAction()
#2 D:\EDU\PHP\WAMP\apache2\htdocs\framework\web\CController.php(265): NewController->runActionWithFilters()
#3 D:\EDU\PHP\WAMP\apache2\htdocs\framework\web\CWebApplication.php(282): NewController->run()
#4 D:\EDU\PHP\WAMP\apache2\htdocs\framework\web\CWebApplication.php(141): CWebApplication->runController()
#5 D:\EDU\PHP\WAMP\apache2\htdocs\framework\base\CApplication.php(180): CWebApplication->processRequest()
#6 D:\EDU\PHP\WAMP\apache2\htdocs\PROJECTS\star\index.php(13): CWebApplication->run()
REQUEST_URI=/PROJECTS/star/index.php?r=new/index
in D:\EDU\PHP\WAMP\apache2\htdocs\PROJECTS\star\protected\models\sunny.php (27)
in D:\EDU\PHP\WAMP\apache2\htdocs\PROJECTS\star\protected\controllers\NewController.php (24)
in D:\EDU\PHP\WAMP\apache2\htdocs\PROJECTS\star\index.php (13)
2014/12/14 10:06:52 [error] [php] Undefined offset: 0 (D:\EDU\PHP\WAMP\apache2\htdocs\PROJECTS\star\protected\models\sunny.php:27)
Stack trace:
#0 D:\EDU\PHP\WAMP\apache2\htdocs\framework\web\CController.php(308): CInlineAction->runWithParams()
#1 D:\EDU\PHP\WAMP\apache2\htdocs\framework\web\CController.php(286): NewController->runAction()
#2 D:\EDU\PHP\WAMP\apache2\htdocs\framework\web\CController.php(265): NewController->runActionWithFilters()
#3 D:\EDU\PHP\WAMP\apache2\htdocs\framework\web\CWebApplication.php(282): NewController->run()
#4 D:\EDU\PHP\WAMP\apache2\htdocs\framework\web\CWebApplication.php(141): CWebApplication->runController()
#5 D:\EDU\PHP\WAMP\apache2\htdocs\framework\base\CApplication.php(180): CWebApplication->processRequest()
#6 D:\EDU\PHP\WAMP\apache2\htdocs\PROJECTS\star\index.php(13): CWebApplication->run()
REQUEST_URI=/PROJECTS/star/index.php?r=new/index
in D:\EDU\PHP\WAMP\apache2\htdocs\PROJECTS\star\protected\models\sunny.php (27)
in D:\EDU\PHP\WAMP\apache2\htdocs\PROJECTS\star\protected\controllers\NewController.php (24)
in D:\EDU\PHP\WAMP\apache2\htdocs\PROJECTS\star\index.php (13)
2014/12/14 10:11:13 [error] [php] Undefined offset: 0 (D:\EDU\PHP\WAMP\apache2\htdocs\PROJECTS\star\protected\models\sunny.php:27)
Stack trace:
#0 D:\EDU\PHP\WAMP\apache2\htdocs\framework\web\CController.php(308): CInlineAction->runWithParams()
#1 D:\EDU\PHP\WAMP\apache2\htdocs\framework\web\CController.php(286): NewController->runAction()
#2 D:\EDU\PHP\WAMP\apache2\htdocs\framework\web\CController.php(265): NewController->runActionWithFilters()
#3 D:\EDU\PHP\WAMP\apache2\htdocs\framework\web\CWebApplication.php(282): NewController->run()
#4 D:\EDU\PHP\WAMP\apache2\htdocs\framework\web\CWebApplication.php(141): CWebApplication->runController()
#5 D:\EDU\PHP\WAMP\apache2\htdocs\framework\base\CApplication.php(180): CWebApplication->processRequest()
#6 D:\EDU\PHP\WAMP\apache2\htdocs\PROJECTS\star\index.php(13): CWebApplication->run()
REQUEST_URI=/PROJECTS/star/index.php?r=new/index
in D:\EDU\PHP\WAMP\apache2\htdocs\PROJECTS\star\protected\models\sunny.php (27)
in D:\EDU\PHP\WAMP\apache2\htdocs\PROJECTS\star\protected\controllers\NewController.php (24)
in D:\EDU\PHP\WAMP\apache2\htdocs\PROJECTS\star\index.php (13)
2014/12/14 10:11:37 [error] [php] Undefined offset: 0 (D:\EDU\PHP\WAMP\apache2\htdocs\PROJECTS\star\protected\models\sunny.php:27)
Stack trace:
#0 D:\EDU\PHP\WAMP\apache2\htdocs\framework\web\CController.php(308): CInlineAction->runWithParams()
#1 D:\EDU\PHP\WAMP\apache2\htdocs\framework\web\CController.php(286): NewController->runAction()
#2 D:\EDU\PHP\WAMP\apache2\htdocs\framework\web\CController.php(265): NewController->runActionWithFilters()
#3 D:\EDU\PHP\WAMP\apache2\htdocs\framework\web\CWebApplication.php(282): NewController->run()
#4 D:\EDU\PHP\WAMP\apache2\htdocs\framework\web\CWebApplication.php(141): CWebApplication->runController()
#5 D:\EDU\PHP\WAMP\apache2\htdocs\framework\base\CApplication.php(180): CWebApplication->processRequest()
#6 D:\EDU\PHP\WAMP\apache2\htdocs\PROJECTS\star\index.php(13): CWebApplication->run()
REQUEST_URI=/PROJECTS/star/index.php?r=new/index
in D:\EDU\PHP\WAMP\apache2\htdocs\PROJECTS\star\protected\models\sunny.php (27)
in D:\EDU\PHP\WAMP\apache2\htdocs\PROJECTS\star\protected\controllers\NewController.php (24)
in D:\EDU\PHP\WAMP\apache2\htdocs\PROJECTS\star\index.php (13)
2014/12/14 10:15:28 [error] [php] Undefined offset: 0 (D:\EDU\PHP\WAMP\apache2\htdocs\PROJECTS\star\protected\models\sunny.php:27)
Stack trace:
#0 D:\EDU\PHP\WAMP\apache2\htdocs\framework\web\CController.php(308): CInlineAction->runWithParams()
#1 D:\EDU\PHP\WAMP\apache2\htdocs\framework\web\CController.php(286): NewController->runAction()
#2 D:\EDU\PHP\WAMP\apache2\htdocs\framework\web\CController.php(265): NewController->runActionWithFilters()
#3 D:\EDU\PHP\WAMP\apache2\htdocs\framework\web\CWebApplication.php(282): NewController->run()
#4 D:\EDU\PHP\WAMP\apache2\htdocs\framework\web\CWebApplication.php(141): CWebApplication->runController()
#5 D:\EDU\PHP\WAMP\apache2\htdocs\framework\base\CApplication.php(180): CWebApplication->processRequest()
#6 D:\EDU\PHP\WAMP\apache2\htdocs\PROJECTS\star\index.php(13): CWebApplication->run()
REQUEST_URI=/PROJECTS/star/index.php?r=new/index
in D:\EDU\PHP\WAMP\apache2\htdocs\PROJECTS\star\protected\models\sunny.php (27)
in D:\EDU\PHP\WAMP\apache2\htdocs\PROJECTS\star\protected\controllers\NewController.php (24)
in D:\EDU\PHP\WAMP\apache2\htdocs\PROJECTS\star\index.php (13)
2014/12/14 10:15:47 [error] [php] Undefined offset: 0 (D:\EDU\PHP\WAMP\apache2\htdocs\PROJECTS\star\protected\models\sunny.php:27)
Stack trace:
#0 D:\EDU\PHP\WAMP\apache2\htdocs\framework\web\CController.php(308): CInlineAction->runWithParams()
#1 D:\EDU\PHP\WAMP\apache2\htdocs\framework\web\CController.php(286): NewController->runAction()
#2 D:\EDU\PHP\WAMP\apache2\htdocs\framework\web\CController.php(265): NewController->runActionWithFilters()
#3 D:\EDU\PHP\WAMP\apache2\htdocs\framework\web\CWebApplication.php(282): NewController->run()
#4 D:\EDU\PHP\WAMP\apache2\htdocs\framework\web\CWebApplication.php(141): CWebApplication->runController()
#5 D:\EDU\PHP\WAMP\apache2\htdocs\framework\base\CApplication.php(180): CWebApplication->processRequest()
#6 D:\EDU\PHP\WAMP\apache2\htdocs\PROJECTS\star\index.php(13): CWebApplication->run()
REQUEST_URI=/PROJECTS/star/index.php?r=new/index
in D:\EDU\PHP\WAMP\apache2\htdocs\PROJECTS\star\protected\models\sunny.php (27)
in D:\EDU\PHP\WAMP\apache2\htdocs\PROJECTS\star\protected\controllers\NewController.php (24)
in D:\EDU\PHP\WAMP\apache2\htdocs\PROJECTS\star\index.php (13)
2014/12/14 10:16:01 [error] [php] Undefined offset: 0 (D:\EDU\PHP\WAMP\apache2\htdocs\PROJECTS\star\protected\models\sunny.php:27)
Stack trace:
#0 D:\EDU\PHP\WAMP\apache2\htdocs\framework\web\CController.php(308): CInlineAction->runWithParams()
#1 D:\EDU\PHP\WAMP\apache2\htdocs\framework\web\CController.php(286): NewController->runAction()
#2 D:\EDU\PHP\WAMP\apache2\htdocs\framework\web\CController.php(265): NewController->runActionWithFilters()
#3 D:\EDU\PHP\WAMP\apache2\htdocs\framework\web\CWebApplication.php(282): NewController->run()
#4 D:\EDU\PHP\WAMP\apache2\htdocs\framework\web\CWebApplication.php(141): CWebApplication->runController()
#5 D:\EDU\PHP\WAMP\apache2\htdocs\framework\base\CApplication.php(180): CWebApplication->processRequest()
#6 D:\EDU\PHP\WAMP\apache2\htdocs\PROJECTS\star\index.php(13): CWebApplication->run()
REQUEST_URI=/PROJECTS/star/index.php?r=new/index
in D:\EDU\PHP\WAMP\apache2\htdocs\PROJECTS\star\protected\models\sunny.php (27)
in D:\EDU\PHP\WAMP\apache2\htdocs\PROJECTS\star\protected\controllers\NewController.php (24)
in D:\EDU\PHP\WAMP\apache2\htdocs\PROJECTS\star\index.php (13)
2014/12/14 10:17:05 [error] [php] Undefined offset: 0 (D:\EDU\PHP\WAMP\apache2\htdocs\PROJECTS\star\protected\models\sunny.php:27)
Stack trace:
#0 D:\EDU\PHP\WAMP\apache2\htdocs\framework\web\CController.php(308): CInlineAction->runWithParams()
#1 D:\EDU\PHP\WAMP\apache2\htdocs\framework\web\CController.php(286): NewController->runAction()
#2 D:\EDU\PHP\WAMP\apache2\htdocs\framework\web\CController.php(265): NewController->runActionWithFilters()
#3 D:\EDU\PHP\WAMP\apache2\htdocs\framework\web\CWebApplication.php(282): NewController->run()
#4 D:\EDU\PHP\WAMP\apache2\htdocs\framework\web\CWebApplication.php(141): CWebApplication->runController()
#5 D:\EDU\PHP\WAMP\apache2\htdocs\framework\base\CApplication.php(180): CWebApplication->processRequest()
#6 D:\EDU\PHP\WAMP\apache2\htdocs\PROJECTS\star\index.php(13): CWebApplication->run()
REQUEST_URI=/PROJECTS/star/index.php?r=new/index
in D:\EDU\PHP\WAMP\apache2\htdocs\PROJECTS\star\protected\models\sunny.php (27)
in D:\EDU\PHP\WAMP\apache2\htdocs\PROJECTS\star\protected\controllers\NewController.php (24)
in D:\EDU\PHP\WAMP\apache2\htdocs\PROJECTS\star\index.php (13)
2014/12/14 10:19:06 [error] [php] Undefined offset: 0 (D:\EDU\PHP\WAMP\apache2\htdocs\PROJECTS\star\protected\models\sunny.php:27)
Stack trace:
#0 D:\EDU\PHP\WAMP\apache2\htdocs\framework\web\CController.php(308): CInlineAction->runWithParams()
#1 D:\EDU\PHP\WAMP\apache2\htdocs\framework\web\CController.php(286): NewController->runAction()
#2 D:\EDU\PHP\WAMP\apache2\htdocs\framework\web\CController.php(265): NewController->runActionWithFilters()
#3 D:\EDU\PHP\WAMP\apache2\htdocs\framework\web\CWebApplication.php(282): NewController->run()
#4 D:\EDU\PHP\WAMP\apache2\htdocs\framework\web\CWebApplication.php(141): CWebApplication->runController()
#5 D:\EDU\PHP\WAMP\apache2\htdocs\framework\base\CApplication.php(180): CWebApplication->processRequest()
#6 D:\EDU\PHP\WAMP\apache2\htdocs\PROJECTS\star\index.php(13): CWebApplication->run()
REQUEST_URI=/PROJECTS/star/index.php?r=new/index
in D:\EDU\PHP\WAMP\apache2\htdocs\PROJECTS\star\protected\models\sunny.php (27)
in D:\EDU\PHP\WAMP\apache2\htdocs\PROJECTS\star\protected\controllers\NewController.php (24)
in D:\EDU\PHP\WAMP\apache2\htdocs\PROJECTS\star\index.php (13)
2014/12/14 10:19:21 [error] [php] Undefined offset: 0 (D:\EDU\PHP\WAMP\apache2\htdocs\PROJECTS\star\protected\models\sunny.php:27)
Stack trace:
#0 D:\EDU\PHP\WAMP\apache2\htdocs\framework\web\CController.php(308): CInlineAction->runWithParams()
#1 D:\EDU\PHP\WAMP\apache2\htdocs\framework\web\CController.php(286): NewController->runAction()
#2 D:\EDU\PHP\WAMP\apache2\htdocs\framework\web\CController.php(265): NewController->runActionWithFilters()
#3 D:\EDU\PHP\WAMP\apache2\htdocs\framework\web\CWebApplication.php(282): NewController->run()
#4 D:\EDU\PHP\WAMP\apache2\htdocs\framework\web\CWebApplication.php(141): CWebApplication->runController()
#5 D:\EDU\PHP\WAMP\apache2\htdocs\framework\base\CApplication.php(180): CWebApplication->processRequest()
#6 D:\EDU\PHP\WAMP\apache2\htdocs\PROJECTS\star\index.php(13): CWebApplication->run()
REQUEST_URI=/PROJECTS/star/index.php?r=new/index
in D:\EDU\PHP\WAMP\apache2\htdocs\PROJECTS\star\protected\models\sunny.php (27)
in D:\EDU\PHP\WAMP\apache2\htdocs\PROJECTS\star\protected\controllers\NewController.php (24)
in D:\EDU\PHP\WAMP\apache2\htdocs\PROJECTS\star\index.php (13)
2014/12/14 10:23:13 [error] [php] Undefined offset: 0 (D:\EDU\PHP\WAMP\apache2\htdocs\PROJECTS\star\protected\models\sunny.php:27)
Stack trace:
#0 D:\EDU\PHP\WAMP\apache2\htdocs\framework\web\CController.php(308): CInlineAction->runWithParams()
#1 D:\EDU\PHP\WAMP\apache2\htdocs\framework\web\CController.php(286): NewController->runAction()
#2 D:\EDU\PHP\WAMP\apache2\htdocs\framework\web\CController.php(265): NewController->runActionWithFilters()
#3 D:\EDU\PHP\WAMP\apache2\htdocs\framework\web\CWebApplication.php(282): NewController->run()
#4 D:\EDU\PHP\WAMP\apache2\htdocs\framework\web\CWebApplication.php(141): CWebApplication->runController()
#5 D:\EDU\PHP\WAMP\apache2\htdocs\framework\base\CApplication.php(180): CWebApplication->processRequest()
#6 D:\EDU\PHP\WAMP\apache2\htdocs\PROJECTS\star\index.php(13): CWebApplication->run()
REQUEST_URI=/PROJECTS/star/index.php?r=new/index
in D:\EDU\PHP\WAMP\apache2\htdocs\PROJECTS\star\protected\models\sunny.php (27)
in D:\EDU\PHP\WAMP\apache2\htdocs\PROJECTS\star\protected\controllers\NewController.php (24)
in D:\EDU\PHP\WAMP\apache2\htdocs\PROJECTS\star\index.php (13)
2014/12/14 10:23:32 [error] [php] Undefined offset: 0 (D:\EDU\PHP\WAMP\apache2\htdocs\PROJECTS\star\protected\models\sunny.php:27)
Stack trace:
#0 D:\EDU\PHP\WAMP\apache2\htdocs\framework\web\CController.php(308): CInlineAction->runWithParams()
#1 D:\EDU\PHP\WAMP\apache2\htdocs\framework\web\CController.php(286): NewController->runAction()
#2 D:\EDU\PHP\WAMP\apache2\htdocs\framework\web\CController.php(265): NewController->runActionWithFilters()
#3 D:\EDU\PHP\WAMP\apache2\htdocs\framework\web\CWebApplication.php(282): NewController->run()
#4 D:\EDU\PHP\WAMP\apache2\htdocs\framework\web\CWebApplication.php(141): CWebApplication->runController()
#5 D:\EDU\PHP\WAMP\apache2\htdocs\framework\base\CApplication.php(180): CWebApplication->processRequest()
#6 D:\EDU\PHP\WAMP\apache2\htdocs\PROJECTS\star\index.php(13): CWebApplication->run()
REQUEST_URI=/PROJECTS/star/index.php?r=new/index
in D:\EDU\PHP\WAMP\apache2\htdocs\PROJECTS\star\protected\models\sunny.php (27)
in D:\EDU\PHP\WAMP\apache2\htdocs\PROJECTS\star\protected\controllers\NewController.php (24)
in D:\EDU\PHP\WAMP\apache2\htdocs\PROJECTS\star\index.php (13)
2014/12/14 10:24:56 [error] [php] Undefined offset: 0 (D:\EDU\PHP\WAMP\apache2\htdocs\PROJECTS\star\protected\models\sunny.php:27)
Stack trace:
#0 D:\EDU\PHP\WAMP\apache2\htdocs\framework\web\CController.php(308): CInlineAction->runWithParams()
#1 D:\EDU\PHP\WAMP\apache2\htdocs\framework\web\CController.php(286): NewController->runAction()
#2 D:\EDU\PHP\WAMP\apache2\htdocs\framework\web\CController.php(265): NewController->runActionWithFilters()
#3 D:\EDU\PHP\WAMP\apache2\htdocs\framework\web\CWebApplication.php(282): NewController->run()
#4 D:\EDU\PHP\WAMP\apache2\htdocs\framework\web\CWebApplication.php(141): CWebApplication->runController()
#5 D:\EDU\PHP\WAMP\apache2\htdocs\framework\base\CApplication.php(180): CWebApplication->processRequest()
#6 D:\EDU\PHP\WAMP\apache2\htdocs\PROJECTS\star\index.php(13): CWebApplication->run()
REQUEST_URI=/PROJECTS/star/index.php?r=new/index
in D:\EDU\PHP\WAMP\apache2\htdocs\PROJECTS\star\protected\models\sunny.php (27)
in D:\EDU\PHP\WAMP\apache2\htdocs\PROJECTS\star\protected\controllers\NewController.php (24)
in D:\EDU\PHP\WAMP\apache2\htdocs\PROJECTS\star\index.php (13)
2014/12/14 10:25:29 [error] [exception.CException] exception 'CException' with message 'NewController cannot find the requested view "index2".' in D:\EDU\PHP\WAMP\apache2\htdocs\framework\web\CController.php:878
Stack trace:
#0 D:\EDU\PHP\WAMP\apache2\htdocs\framework\web\CController.php(782): CController->renderPartial('index2', Array, true)
#1 D:\EDU\PHP\WAMP\apache2\htdocs\PROJECTS\star\protected\controllers\NewController.php(22): CController->render('index2', Array)
#2 D:\EDU\PHP\WAMP\apache2\htdocs\framework\web\actions\CInlineAction.php(49): NewController->actionIndex()
#3 D:\EDU\PHP\WAMP\apache2\htdocs\framework\web\CController.php(308): CInlineAction->runWithParams(Array)
#4 D:\EDU\PHP\WAMP\apache2\htdocs\framework\web\CController.php(286): CController->runAction(Object(CInlineAction))
#5 D:\EDU\PHP\WAMP\apache2\htdocs\framework\web\CController.php(265): CController->runActionWithFilters(Object(CInlineAction), Array)
#6 D:\EDU\PHP\WAMP\apache2\htdocs\framework\web\CWebApplication.php(282): CController->run('index')
#7 D:\EDU\PHP\WAMP\apache2\htdocs\framework\web\CWebApplication.php(141): CWebApplication->runController('new/index')
#8 D:\EDU\PHP\WAMP\apache2\htdocs\framework\base\CApplication.php(180): CWebApplication->processRequest()
#9 D:\EDU\PHP\WAMP\apache2\htdocs\PROJECTS\star\index.php(13): CApplication->run()
#10 {main}
REQUEST_URI=/PROJECTS/star/index.php?r=new/index
HTTP_REFERER=http://127.0.0.1/PROJECTS/star/index.php?r=new/index
---
2014/12/14 10:27:00 [error] [exception.CException] exception 'CException' with message 'NewController cannot find the requested view "index2".' in D:\EDU\PHP\WAMP\apache2\htdocs\framework\web\CController.php:878
Stack trace:
#0 D:\EDU\PHP\WAMP\apache2\htdocs\framework\web\CController.php(782): CController->renderPartial('index2', Array, true)
#1 D:\EDU\PHP\WAMP\apache2\htdocs\PROJECTS\star\protected\controllers\NewController.php(22): CController->render('index2', Array)
#2 D:\EDU\PHP\WAMP\apache2\htdocs\framework\web\actions\CInlineAction.php(49): NewController->actionIndex()
#3 D:\EDU\PHP\WAMP\apache2\htdocs\framework\web\CController.php(308): CInlineAction->runWithParams(Array)
#4 D:\EDU\PHP\WAMP\apache2\htdocs\framework\web\CController.php(286): CController->runAction(Object(CInlineAction))
#5 D:\EDU\PHP\WAMP\apache2\htdocs\framework\web\CController.php(265): CController->runActionWithFilters(Object(CInlineAction), Array)
#6 D:\EDU\PHP\WAMP\apache2\htdocs\framework\web\CWebApplication.php(282): CController->run('index')
#7 D:\EDU\PHP\WAMP\apache2\htdocs\framework\web\CWebApplication.php(141): CWebApplication->runController('new/index')
#8 D:\EDU\PHP\WAMP\apache2\htdocs\framework\base\CApplication.php(180): CWebApplication->processRequest()
#9 D:\EDU\PHP\WAMP\apache2\htdocs\PROJECTS\star\index.php(13): CApplication->run()
#10 {main}
REQUEST_URI=/PROJECTS/star/index.php?r=new/index
HTTP_REFERER=http://127.0.0.1/PROJECTS/star/index.php?r=new/index
---
2014/12/14 10:27:12 [error] [php] Undefined offset: 0 (D:\EDU\PHP\WAMP\apache2\htdocs\PROJECTS\star\protected\models\sunny.php:27)
Stack trace:
#0 D:\EDU\PHP\WAMP\apache2\htdocs\framework\web\CController.php(308): CInlineAction->runWithParams()
#1 D:\EDU\PHP\WAMP\apache2\htdocs\framework\web\CController.php(286): NewController->runAction()
#2 D:\EDU\PHP\WAMP\apache2\htdocs\framework\web\CController.php(265): NewController->runActionWithFilters()
#3 D:\EDU\PHP\WAMP\apache2\htdocs\framework\web\CWebApplication.php(282): NewController->run()
#4 D:\EDU\PHP\WAMP\apache2\htdocs\framework\web\CWebApplication.php(141): CWebApplication->runController()
#5 D:\EDU\PHP\WAMP\apache2\htdocs\framework\base\CApplication.php(180): CWebApplication->processRequest()
#6 D:\EDU\PHP\WAMP\apache2\htdocs\PROJECTS\star\index.php(13): CWebApplication->run()
REQUEST_URI=/PROJECTS/star/index.php?r=new/index
in D:\EDU\PHP\WAMP\apache2\htdocs\PROJECTS\star\protected\models\sunny.php (27)
in D:\EDU\PHP\WAMP\apache2\htdocs\PROJECTS\star\protected\controllers\NewController.php (24)
in D:\EDU\PHP\WAMP\apache2\htdocs\PROJECTS\star\index.php (13)
2014/12/14 10:29:25 [error] [php] Undefined offset: 0 (D:\EDU\PHP\WAMP\apache2\htdocs\PROJECTS\star\protected\models\sunny.php:27)
Stack trace:
#0 D:\EDU\PHP\WAMP\apache2\htdocs\framework\web\CController.php(308): CInlineAction->runWithParams()
#1 D:\EDU\PHP\WAMP\apache2\htdocs\framework\web\CController.php(286): NewController->runAction()
#2 D:\EDU\PHP\WAMP\apache2\htdocs\framework\web\CController.php(265): NewController->runActionWithFilters()
#3 D:\EDU\PHP\WAMP\apache2\htdocs\framework\web\CWebApplication.php(282): NewController->run()
#4 D:\EDU\PHP\WAMP\apache2\htdocs\framework\web\CWebApplication.php(141): CWebApplication->runController()
#5 D:\EDU\PHP\WAMP\apache2\htdocs\framework\base\CApplication.php(180): CWebApplication->processRequest()
#6 D:\EDU\PHP\WAMP\apache2\htdocs\PROJECTS\star\index.php(13): CWebApplication->run()
REQUEST_URI=/PROJECTS/star/index.php?r=new/index
in D:\EDU\PHP\WAMP\apache2\htdocs\PROJECTS\star\protected\models\sunny.php (27)
in D:\EDU\PHP\WAMP\apache2\htdocs\PROJECTS\star\protected\controllers\NewController.php (25)
in D:\EDU\PHP\WAMP\apache2\htdocs\PROJECTS\star\index.php (13)
2014/12/14 10:29:46 [error] [php] Undefined offset: 0 (D:\EDU\PHP\WAMP\apache2\htdocs\PROJECTS\star\protected\models\sunny.php:27)
Stack trace:
#0 D:\EDU\PHP\WAMP\apache2\htdocs\framework\web\CController.php(308): CInlineAction->runWithParams()
#1 D:\EDU\PHP\WAMP\apache2\htdocs\framework\web\CController.php(286): NewController->runAction()
#2 D:\EDU\PHP\WAMP\apache2\htdocs\framework\web\CController.php(265): NewController->runActionWithFilters()
#3 D:\EDU\PHP\WAMP\apache2\htdocs\framework\web\CWebApplication.php(282): NewController->run()
#4 D:\EDU\PHP\WAMP\apache2\htdocs\framework\web\CWebApplication.php(141): CWebApplication->runController()
#5 D:\EDU\PHP\WAMP\apache2\htdocs\framework\base\CApplication.php(180): CWebApplication->processRequest()
#6 D:\EDU\PHP\WAMP\apache2\htdocs\PROJECTS\star\index.php(13): CWebApplication->run()
REQUEST_URI=/PROJECTS/star/index.php?r=new/index
in D:\EDU\PHP\WAMP\apache2\htdocs\PROJECTS\star\protected\models\sunny.php (27)
in D:\EDU\PHP\WAMP\apache2\htdocs\PROJECTS\star\protected\controllers\NewController.php (28)
in D:\EDU\PHP\WAMP\apache2\htdocs\PROJECTS\star\index.php (13)
2014/12/14 10:49:59 [error] [php] Undefined offset: 0 (D:\EDU\PHP\WAMP\apache2\htdocs\PROJECTS\star\protected\models\sunny.php:27)
Stack trace:
#0 D:\EDU\PHP\WAMP\apache2\htdocs\framework\web\CController.php(308): CInlineAction->runWithParams()
#1 D:\EDU\PHP\WAMP\apache2\htdocs\framework\web\CController.php(286): NewController->runAction()
#2 D:\EDU\PHP\WAMP\apache2\htdocs\framework\web\CController.php(265): NewController->runActionWithFilters()
#3 D:\EDU\PHP\WAMP\apache2\htdocs\framework\web\CWebApplication.php(282): NewController->run()
#4 D:\EDU\PHP\WAMP\apache2\htdocs\framework\web\CWebApplication.php(141): CWebApplication->runController()
#5 D:\EDU\PHP\WAMP\apache2\htdocs\framework\base\CApplication.php(180): CWebApplication->processRequest()
#6 D:\EDU\PHP\WAMP\apache2\htdocs\PROJECTS\star\index.php(13): CWebApplication->run()
REQUEST_URI=/PROJECTS/star/index.php?r=new/index
in D:\EDU\PHP\WAMP\apache2\htdocs\PROJECTS\star\protected\models\sunny.php (27)
in D:\EDU\PHP\WAMP\apache2\htdocs\PROJECTS\star\protected\controllers\NewController.php (35)
in D:\EDU\PHP\WAMP\apache2\htdocs\PROJECTS\star\index.php (13)
2014/12/14 10:53:52 [error] [php] Undefined offset: 0 (D:\EDU\PHP\WAMP\apache2\htdocs\PROJECTS\star\protected\models\sunny.php:27)
Stack trace:
#0 D:\EDU\PHP\WAMP\apache2\htdocs\framework\web\CController.php(308): CInlineAction->runWithParams()
#1 D:\EDU\PHP\WAMP\apache2\htdocs\framework\web\CController.php(286): NewController->runAction()
#2 D:\EDU\PHP\WAMP\apache2\htdocs\framework\web\CController.php(265): NewController->runActionWithFilters()
#3 D:\EDU\PHP\WAMP\apache2\htdocs\framework\web\CWebApplication.php(282): NewController->run()
#4 D:\EDU\PHP\WAMP\apache2\htdocs\framework\web\CWebApplication.php(141): CWebApplication->runController()
#5 D:\EDU\PHP\WAMP\apache2\htdocs\framework\base\CApplication.php(180): CWebApplication->processRequest()
#6 D:\EDU\PHP\WAMP\apache2\htdocs\PROJECTS\star\index.php(13): CWebApplication->run()
REQUEST_URI=/PROJECTS/star/index.php?r=new/index
in D:\EDU\PHP\WAMP\apache2\htdocs\PROJECTS\star\protected\models\sunny.php (27)
in D:\EDU\PHP\WAMP\apache2\htdocs\PROJECTS\star\protected\controllers\NewController.php (36)
in D:\EDU\PHP\WAMP\apache2\htdocs\PROJECTS\star\index.php (13)
2014/12/14 11:22:31 [error] [php] Undefined variable: title (D:\EDU\PHP\WAMP\apache2\htdocs\PROJECTS\star\protected\views\new\third.php:1)
Stack trace:
#0 D:\EDU\PHP\WAMP\apache2\htdocs\framework\web\CController.php(869): NewController->renderFile()
#1 D:\EDU\PHP\WAMP\apache2\htdocs\framework\web\CController.php(782): NewController->renderPartial()
#2 D:\EDU\PHP\WAMP\apache2\htdocs\PROJECTS\star\protected\controllers\NewController.php(59): NewController->render()
#3 D:\EDU\PHP\WAMP\apache2\htdocs\framework\web\actions\CInlineAction.php(49): NewController->actionThird()
#4 D:\EDU\PHP\WAMP\apache2\htdocs\framework\web\CController.php(308): CInlineAction->runWithParams()
#5 D:\EDU\PHP\WAMP\apache2\htdocs\framework\web\CController.php(286): NewController->runAction()
#6 D:\EDU\PHP\WAMP\apache2\htdocs\framework\web\CController.php(265): NewController->runActionWithFilters()
#7 D:\EDU\PHP\WAMP\apache2\htdocs\framework\web\CWebApplication.php(282): NewController->run()
#8 D:\EDU\PHP\WAMP\apache2\htdocs\framework\web\CWebApplication.php(141): CWebApplication->runController()
#9 D:\EDU\PHP\WAMP\apache2\htdocs\framework\base\CApplication.php(180): CWebApplication->processRequest()
#10 D:\EDU\PHP\WAMP\apache2\htdocs\PROJECTS\star\index.php(13): CWebApplication->run()
REQUEST_URI=/PROJECTS/star/index.php?r=new/third&u=http://www.youtube.com/v/1motSDALmTI
in D:\EDU\PHP\WAMP\apache2\htdocs\PROJECTS\star\protected\views\new\third.php (1)
in D:\EDU\PHP\WAMP\apache2\htdocs\PROJECTS\star\protected\controllers\NewController.php (59)
in D:\EDU\PHP\WAMP\apache2\htdocs\PROJECTS\star\index.php (13)
2014/12/14 11:27:52 [error] [php] Non-static method CActiveRecord::findByPk() should not be called statically, assuming $this from incompatible context (D:\EDU\PHP\WAMP\apache2\htdocs\PROJECTS\star\protected\controllers\NewController.php:59)
Stack trace:
#0 D:\EDU\PHP\WAMP\apache2\htdocs\framework\web\CController.php(286): NewController->runAction()
#1 D:\EDU\PHP\WAMP\apache2\htdocs\framework\web\CController.php(265): NewController->runActionWithFilters()
#2 D:\EDU\PHP\WAMP\apache2\htdocs\framework\web\CWebApplication.php(282): NewController->run()
#3 D:\EDU\PHP\WAMP\apache2\htdocs\framework\web\CWebApplication.php(141): CWebApplication->runController()
#4 D:\EDU\PHP\WAMP\apache2\htdocs\framework\base\CApplication.php(180): CWebApplication->processRequest()
#5 D:\EDU\PHP\WAMP\apache2\htdocs\PROJECTS\star\index.php(13): CWebApplication->run()
REQUEST_URI=/PROJECTS/star/index.php?r=new/third&id=32
in D:\EDU\PHP\WAMP\apache2\htdocs\PROJECTS\star\protected\controllers\NewController.php (59)
in D:\EDU\PHP\WAMP\apache2\htdocs\PROJECTS\star\index.php (13)
2014/12/14 11:28:57 [error] [php] Non-static method CActiveRecord::findByPk() should not be called statically, assuming $this from incompatible context (D:\EDU\PHP\WAMP\apache2\htdocs\PROJECTS\star\protected\controllers\NewController.php:59)
Stack trace:
#0 D:\EDU\PHP\WAMP\apache2\htdocs\framework\web\CController.php(286): NewController->runAction()
#1 D:\EDU\PHP\WAMP\apache2\htdocs\framework\web\CController.php(265): NewController->runActionWithFilters()
#2 D:\EDU\PHP\WAMP\apache2\htdocs\framework\web\CWebApplication.php(282): NewController->run()
#3 D:\EDU\PHP\WAMP\apache2\htdocs\framework\web\CWebApplication.php(141): CWebApplication->runController()
#4 D:\EDU\PHP\WAMP\apache2\htdocs\framework\base\CApplication.php(180): CWebApplication->processRequest()
#5 D:\EDU\PHP\WAMP\apache2\htdocs\PROJECTS\star\index.php(13): CWebApplication->run()
REQUEST_URI=/PROJECTS/star/index.php?r=new/third&id=32
in D:\EDU\PHP\WAMP\apache2\htdocs\PROJECTS\star\protected\controllers\NewController.php (59)
in D:\EDU\PHP\WAMP\apache2\htdocs\PROJECTS\star\index.php (13)
2014/12/14 11:43:13 [error] [php] Undefined variable: video (D:\EDU\PHP\WAMP\apache2\htdocs\PROJECTS\star\protected\controllers\NewController.php:62)
Stack trace:
#0 D:\EDU\PHP\WAMP\apache2\htdocs\framework\web\CController.php(286): NewController->runAction()
#1 D:\EDU\PHP\WAMP\apache2\htdocs\framework\web\CController.php(265): NewController->runActionWithFilters()
#2 D:\EDU\PHP\WAMP\apache2\htdocs\framework\web\CWebApplication.php(282): NewController->run()
#3 D:\EDU\PHP\WAMP\apache2\htdocs\framework\web\CWebApplication.php(141): CWebApplication->runController()
#4 D:\EDU\PHP\WAMP\apache2\htdocs\framework\base\CApplication.php(180): CWebApplication->processRequest()
#5 D:\EDU\PHP\WAMP\apache2\htdocs\PROJECTS\star\index.php(13): CWebApplication->run()
REQUEST_URI=/PROJECTS/star/index.php?r=new/third&id=32
in D:\EDU\PHP\WAMP\apache2\htdocs\PROJECTS\star\protected\controllers\NewController.php (62)
in D:\EDU\PHP\WAMP\apache2\htdocs\PROJECTS\star\index.php (13)
2014/12/14 11:51:44 [error] [exception.CHttpException.404] exception 'CHttpException' with message 'Unable to resolve the request "new/second".' in D:\EDU\PHP\WAMP\apache2\htdocs\framework\web\CWebApplication.php:286
Stack trace:
#0 D:\EDU\PHP\WAMP\apache2\htdocs\framework\web\CWebApplication.php(141): CWebApplication->runController('new/second')
#1 D:\EDU\PHP\WAMP\apache2\htdocs\framework\base\CApplication.php(180): CWebApplication->processRequest()
#2 D:\EDU\PHP\WAMP\apache2\htdocs\PROJECTS\star\index.php(13): CApplication->run()
#3 {main}
REQUEST_URI=/PROJECTS/star/index.php?r=new/second
HTTP_REFERER=http://127.0.0.1/PROJECTS/star/index.php?r=new/index
---
2014/12/14 11:53:57 [error] [exception.CHttpException.404] exception 'CHttpException' with message 'Unable to resolve the request "new/second".' in D:\EDU\PHP\WAMP\apache2\htdocs\framework\web\CWebApplication.php:286
Stack trace:
#0 D:\EDU\PHP\WAMP\apache2\htdocs\framework\web\CWebApplication.php(141): CWebApplication->runController('new/second')
#1 D:\EDU\PHP\WAMP\apache2\htdocs\framework\base\CApplication.php(180): CWebApplication->processRequest()
#2 D:\EDU\PHP\WAMP\apache2\htdocs\PROJECTS\star\index.php(13): CApplication->run()
#3 {main}
REQUEST_URI=/PROJECTS/star/index.php?r=new/second
HTTP_REFERER=http://127.0.0.1/PROJECTS/star/index.php?r=new/index
---
2014/12/14 11:56:34 [error] [exception.CHttpException.404] exception 'CHttpException' with message 'Unable to resolve the request "new/third".' in D:\EDU\PHP\WAMP\apache2\htdocs\framework\web\CWebApplication.php:286
Stack trace:
#0 D:\EDU\PHP\WAMP\apache2\htdocs\framework\web\CWebApplication.php(141): CWebApplication->runController('new/third')
#1 D:\EDU\PHP\WAMP\apache2\htdocs\framework\base\CApplication.php(180): CWebApplication->processRequest()
#2 D:\EDU\PHP\WAMP\apache2\htdocs\PROJECTS\star\index.php(13): CApplication->run()
#3 {main}
REQUEST_URI=/PROJECTS/star/index.php?r=new/third&id=34
HTTP_REFERER=http://127.0.0.1/PROJECTS/star/index.php?r=video/second
---
2014/12/14 11:58:08 [error] [exception.CHttpException.404] exception 'CHttpException' with message 'Unable to resolve the request "new/third".' in D:\EDU\PHP\WAMP\apache2\htdocs\framework\web\CWebApplication.php:286
Stack trace:
#0 D:\EDU\PHP\WAMP\apache2\htdocs\framework\web\CWebApplication.php(141): CWebApplication->runController('new/third')
#1 D:\EDU\PHP\WAMP\apache2\htdocs\framework\base\CApplication.php(180): CWebApplication->processRequest()
#2 D:\EDU\PHP\WAMP\apache2\htdocs\PROJECTS\star\index.php(13): CApplication->run()
#3 {main}
REQUEST_URI=/PROJECTS/star/index.php?r=new/third&id=29
HTTP_REFERER=http://127.0.0.1/PROJECTS/star/index.php?r=video/second
---
2014/12/14 11:58:15 [error] [exception.CHttpException.404] exception 'CHttpException' with message 'The system is unable to find the requested action "watchVideo".' in D:\EDU\PHP\WAMP\apache2\htdocs\framework\web\CController.php:483
Stack trace:
#0 D:\EDU\PHP\WAMP\apache2\htdocs\framework\web\CController.php(270): CController->missingAction('watchVideo')
#1 D:\EDU\PHP\WAMP\apache2\htdocs\framework\web\CWebApplication.php(282): CController->run('watchVideo')
#2 D:\EDU\PHP\WAMP\apache2\htdocs\framework\web\CWebApplication.php(141): CWebApplication->runController('video/watchVide...')
#3 D:\EDU\PHP\WAMP\apache2\htdocs\framework\base\CApplication.php(180): CWebApplication->processRequest()
#4 D:\EDU\PHP\WAMP\apache2\htdocs\PROJECTS\star\index.php(13): CApplication->run()
#5 {main}
REQUEST_URI=/PROJECTS/star/index.php?r=video/watchVideo&id=29
HTTP_REFERER=http://127.0.0.1/PROJECTS/star/index.php?r=video/second
---
2014/12/14 23:42:20 [error] [exception.CDbException] exception 'CDbException' with message 'CDbConnection failed to open the DB connection: SQLSTATE[HY000] [1049] Unknown database 'sunny'' in D:\EDU\php\wamp\apache2\framework\db\CDbConnection.php:382
Stack trace:
#0 D:\EDU\php\wamp\apache2\framework\db\CDbConnection.php(330): CDbConnection->open()
#1 D:\EDU\php\wamp\apache2\framework\db\CDbConnection.php(308): CDbConnection->setActive(true)
#2 D:\EDU\php\wamp\apache2\framework\base\CModule.php(387): CDbConnection->init()
#3 D:\EDU\php\wamp\apache2\framework\base\CApplication.php(450): CModule->getComponent('db')
#4 D:\EDU\php\wamp\apache2\framework\db\ar\CActiveRecord.php(634): CApplication->getDb()
#5 D:\EDU\php\wamp\apache2\framework\db\ar\CActiveRecord.php(667): CActiveRecord->getDbConnection()
#6 D:\EDU\php\wamp\apache2\framework\db\ar\CActiveRecord.php(1469): CActiveRecord->getCommandBuilder()
#7 D:\EDU\php\wamp\apache2\htdocs\star5\protected\models\VideoLibrary.php(57): CActiveRecord->findAll()
#8 D:\EDU\php\wamp\apache2\htdocs\star5\protected\controllers\VideoController.php(49): VideoLibrary::get_all_videos()
#9 D:\EDU\php\wamp\apache2\framework\web\actions\CInlineAction.php(49): VideoController->actionSecond()
#10 D:\EDU\php\wamp\apache2\framework\web\CController.php(308): CInlineAction->runWithParams(Array)
#11 D:\EDU\php\wamp\apache2\framework\web\CController.php(286): CController->runAction(Object(CInlineAction))
#12 D:\EDU\php\wamp\apache2\framework\web\CController.php(265): CController->runActionWithFilters(Object(CInlineAction), Array)
#13 D:\EDU\php\wamp\apache2\framework\web\CWebApplication.php(282): CController->run('second')
#14 D:\EDU\php\wamp\apache2\framework\web\CWebApplication.php(141): CWebApplication->runController('video/second')
#15 D:\EDU\php\wamp\apache2\framework\base\CApplication.php(180): CWebApplication->processRequest()
#16 D:\EDU\php\wamp\apache2\htdocs\star5\index.php(13): CApplication->run()
#17 {main}
REQUEST_URI=/star5/index.php?r=video/second
HTTP_REFERER=http://127.0.0.1/star5/
---
2014/12/15 00:31:46 [error] [exception.CHttpException.404] exception 'CHttpException' with message 'The system is unable to find the requested action "second".' in D:\EDU\php\wamp\apache2\framework\web\CController.php:483
Stack trace:
#0 D:\EDU\php\wamp\apache2\framework\web\CController.php(270): CController->missingAction('second')
#1 D:\EDU\php\wamp\apache2\framework\web\CWebApplication.php(282): CController->run('second')
#2 D:\EDU\php\wamp\apache2\framework\web\CWebApplication.php(141): CWebApplication->runController('video/second')
#3 D:\EDU\php\wamp\apache2\framework\base\CApplication.php(180): CWebApplication->processRequest()
#4 D:\EDU\php\wamp\apache2\htdocs\star5\index.php(13): CApplication->run()
#5 {main}
REQUEST_URI=/star5/index.php?r=video/second
HTTP_REFERER=http://127.0.0.1/star5/index.php?r=video/index
---
2014/12/15 00:32:49 [error] [exception.CHttpException.404] exception 'CHttpException' with message 'The system is unable to find the requested action "second".' in D:\EDU\php\wamp\apache2\framework\web\CController.php:483
Stack trace:
#0 D:\EDU\php\wamp\apache2\framework\web\CController.php(270): CController->missingAction('second')
#1 D:\EDU\php\wamp\apache2\framework\web\CWebApplication.php(282): CController->run('second')
#2 D:\EDU\php\wamp\apache2\framework\web\CWebApplication.php(141): CWebApplication->runController('video/second')
#3 D:\EDU\php\wamp\apache2\framework\base\CApplication.php(180): CWebApplication->processRequest()
#4 D:\EDU\php\wamp\apache2\htdocs\star5\index.php(13): CApplication->run()
#5 {main}
REQUEST_URI=/star5/index.php?r=video/second
HTTP_REFERER=http://127.0.0.1/star5/index.php?r=video/index
---
2014/12/27 00:08:58 [error] [php] Undefined index: image (D:\EDU\PHP\WAMP\apache2\htdocs\PROJECTS\videolibrary-master\protected\controllers\VideoController.php:36)
Stack trace:
#0 D:\EDU\PHP\WAMP\apache2\htdocs\framework\web\CController.php(286): VideoController->runAction()
#1 D:\EDU\PHP\WAMP\apache2\htdocs\framework\web\CController.php(265): VideoController->runActionWithFilters()
#2 D:\EDU\PHP\WAMP\apache2\htdocs\framework\web\CWebApplication.php(282): VideoController->run()
#3 D:\EDU\PHP\WAMP\apache2\htdocs\framework\web\CWebApplication.php(141): CWebApplication->runController()
#4 D:\EDU\PHP\WAMP\apache2\htdocs\framework\base\CApplication.php(180): CWebApplication->processRequest()
#5 D:\EDU\PHP\WAMP\apache2\htdocs\PROJECTS\videolibrary-master\index.php(13): CWebApplication->run()
REQUEST_URI=/PROJECTS/videolibrary-master/index.php?r=video/index
in D:\EDU\PHP\WAMP\apache2\htdocs\PROJECTS\videolibrary-master\protected\controllers\VideoController.php (36)
in D:\EDU\PHP\WAMP\apache2\htdocs\PROJECTS\videolibrary-master\index.php (13)
